Unity Editor version:    2021.2.10f1c1 (79ebcf01f00f)
Branch:                  2021.2/china_unity/release
Build type:              Release
Batch mode:              YES
macOS version:           Version 12.3 (Build 21E230)
Darwin version:          21.4.0
Architecture:            x86_64
Running under Rosetta:   NO
Available memory:        16384 MB
Using pre-set license
Pro License: NO

COMMAND LINE ARGUMENTS:
/Applications/Unity/Hub/Editor/2021.2.10f1c1/Unity.app/Contents/MacOS/Unity
-adb2
-batchMode
-noUpm
-name
AssetImportWorker3
-projectPath
/Users/amber/Icebin
-logFile
Logs/AssetImportWorker3.log
-srvPort
58834
Successfully changed project path to: /Users/amber/Icebin
/Users/amber/Icebin
[UnityMemory] Configuration Parameters - Can be set up in boot.config
    "memorysetup-bucket-allocator-granularity=16"
    "memorysetup-bucket-allocator-bucket-count=8"
    "memorysetup-bucket-allocator-block-size=33554432"
    "memorysetup-bucket-allocator-block-count=8"
    "memorysetup-main-allocator-block-size=16777216"
    "memorysetup-thread-allocator-block-size=16777216"
    "memorysetup-gfx-main-allocator-block-size=16777216"
    "memorysetup-gfx-thread-allocator-block-size=16777216"
    "memorysetup-cache-allocator-block-size=4194304"
    "memorysetup-typetree-allocator-block-size=2097152"
    "memorysetup-profiler-bucket-allocator-granularity=16"
    "memorysetup-profiler-bucket-allocator-bucket-count=8"
    "memorysetup-profiler-bucket-allocator-block-size=33554432"
    "memorysetup-profiler-bucket-allocator-block-count=8"
    "memorysetup-profiler-allocator-block-size=16777216"
    "memorysetup-profiler-editor-allocator-block-size=1048576"
    "memorysetup-temp-allocator-size-main=16777216"
    "memorysetup-job-temp-allocator-block-size=2097152"
    "memorysetup-job-temp-allocator-block-size-background=1048576"
    "memorysetup-job-temp-allocator-reduction-small-platforms=262144"
    "memorysetup-temp-allocator-size-background-worker=32768"
    "memorysetup-temp-allocator-size-job-worker=262144"
    "memorysetup-temp-allocator-size-preload-manager=33554432"
    "memorysetup-temp-allocator-size-nav-mesh-worker=65536"
    "memorysetup-temp-allocator-size-audio-worker=65536"
    "memorysetup-temp-allocator-size-cloud-worker=32768"
    "memorysetup-temp-allocator-size-gi-baking-worker=262144"
    "memorysetup-temp-allocator-size-gfx=262144"
AS: AutoStreaming module initializing.
Refreshing native plugins compatible for Editor in 123.57 ms, found 3 plugins.
Preloading 0 native plugins for Editor in 0.00 ms.
Initialize engine version: 2021.2.10f1c1 (79ebcf01f00f)
[Subsystems] Discovering subsystems at path /Applications/Unity/Hub/Editor/2021.2.10f1c1/Unity.app/Contents/Resources/UnitySubsystems
[Subsystems] Discovering subsystems at path /Users/amber/Icebin/Assets
GfxDevice: creating device client; threaded=0; jobified=0
Color LCD preferred device: Intel(R) UHD Graphics 630 (low power)
Metal devices available: 2
0: AMD Radeon Pro 5300M (high power)
1: Intel(R) UHD Graphics 630 (low power)
Using device AMD Radeon Pro 5300M (high power)
Initializing Metal device caps: AMD Radeon Pro 5300M
Initialize mono
Mono path[0] = '/Applications/Unity/Hub/Editor/2021.2.10f1c1/Unity.app/Contents/Managed'
Mono path[1] = '/Applications/Unity/Hub/Editor/2021.2.10f1c1/Unity.app/Contents/MonoBleedingEdge/lib/mono/unityjit-macos'
Mono config path = '/Applications/Unity/Hub/Editor/2021.2.10f1c1/Unity.app/Contents/MonoBleedingEdge/etc'
Using monoOptions --debugger-agent=transport=dt_socket,embedding=1,server=y,suspend=n,address=127.0.0.1:56425
Begin MonoManager ReloadAssembly
Registering precompiled unity dll's ...
Register platform support module: /Applications/Unity/Hub/Editor/2021.2.10f1c1/Unity.app/Contents/PlaybackEngines/MacStandaloneSupport/UnityEditor.OSXStandalone.Extensions.dll
Register platform support module: /Applications/Unity/Hub/Editor/2021.2.10f1c1/PlaybackEngines/WindowsStandaloneSupport/UnityEditor.WindowsStandalone.Extensions.dll
Registered in 0.000864 seconds.
Native extension for WindowsStandalone target not found
Native extension for OSXStandalone target not found
Refreshing native plugins compatible for Editor in 57.50 ms, found 3 plugins.
Preloading 0 native plugins for Editor in 0.00 ms.
Mono: successfully reloaded assembly
- Completed reload, in  0.687 seconds
Domain Reload Profiling:
	ReloadAssembly (688ms)
		BeginReloadAssembly (87ms)
			ExecutionOrderSort (0ms)
			DisableScriptedObjects (0ms)
			BackupInstance (0ms)
			ReleaseScriptingObjects (0ms)
			CreateAndSetChildDomain (1ms)
		EndReloadAssembly (495ms)
			LoadAssemblies (86ms)
			RebuildTransferFunctionScriptingTraits (0ms)
			SetupTypeCache (137ms)
			ReleaseScriptCaches (0ms)
			RebuildScriptCaches (34ms)
			SetupLoadedEditorAssemblies (272ms)
				LogAssemblyErrors (0ms)
				InitializePlatformSupportModulesInManaged (13ms)
				SetLoadedEditorAssemblies (0ms)
				RefreshPlugins (58ms)
				BeforeProcessingInitializeOnLoad (1ms)
				ProcessInitializeOnLoadAttributes (151ms)
				ProcessInitializeOnLoadMethodAttributes (48ms)
				AfterProcessingInitializeOnLoad (0ms)
				EditorAssembliesLoaded (0ms)
			ExecutionOrderSort2 (0ms)
			AwakeInstancesAfterBackupRestoration (0ms)
Platform modules already initialized, skipping
Registering precompiled user dll's ...
Registered in 0.001630 seconds.
Begin MonoManager ReloadAssembly
Native extension for WindowsStandalone target not found
Native extension for OSXStandalone target not found
Refreshing native plugins compatible for Editor in 57.95 ms, found 3 plugins.
Preloading 0 native plugins for Editor in 0.00 ms.
Mono: successfully reloaded assembly
- Completed reload, in  2.599 seconds
Domain Reload Profiling:
	ReloadAssembly (2600ms)
		BeginReloadAssembly (124ms)
			ExecutionOrderSort (0ms)
			DisableScriptedObjects (9ms)
			BackupInstance (0ms)
			ReleaseScriptingObjects (0ms)
			CreateAndSetChildDomain (26ms)
		EndReloadAssembly (2368ms)
			LoadAssemblies (69ms)
			RebuildTransferFunctionScriptingTraits (0ms)
			SetupTypeCache (274ms)
			ReleaseScriptCaches (1ms)
			RebuildScriptCaches (73ms)
			SetupLoadedEditorAssemblies (1897ms)
				LogAssemblyErrors (0ms)
				InitializePlatformSupportModulesInManaged (8ms)
				SetLoadedEditorAssemblies (0ms)
				RefreshPlugins (58ms)
				BeforeProcessingInitializeOnLoad (56ms)
				ProcessInitializeOnLoadAttributes (1722ms)
				ProcessInitializeOnLoadMethodAttributes (52ms)
				AfterProcessingInitializeOnLoad (1ms)
				EditorAssembliesLoaded (0ms)
			ExecutionOrderSort2 (0ms)
			AwakeInstancesAfterBackupRestoration (5ms)
Platform modules already initialized, skipping
========================================================================
Worker process is ready to serve import requests
Launching external process: /Applications/Unity/Hub/Editor/2021.2.10f1c1/Unity.app/Contents/Tools/UnityShaderCompiler
Launched and connected shader compiler UnityShaderCompiler after 0.08 seconds
Refreshing native plugins compatible for Editor in 1.13 ms, found 3 plugins.
Preloading 0 native plugins for Editor in 0.00 ms.
Unloading 2583 Unused Serialized files (Serialized files now loaded: 0)
Unloading 46 unused Assets / (116.6 KB). Loaded Objects now: 3052.
Memory consumption went from 229.8 MB to 229.7 MB.
Total: 5.636759 ms (FindLiveObjects: 0.381213 ms CreateObjectMapping: 0.348979 ms MarkObjects: 4.783118 ms  DeleteObjects: 0.120938 ms)

AssetImportParameters requested are different than current active one (requested -> active):
  custom:video-decoder-ogg-theora: a1e56fd34408186e4bbccfd4996cb3dc -> 
  custom:container-muxer-webm: aa71ff27fc2769a1b78a27578f13a17b -> 
  custom:container-demuxer-webm: 4f35f7cbe854078d1ac9338744f61a02 -> 
  custom:video-encoder-webm-vp8: eb34c28f22e8b96e1ab97ce403110664 -> 
  custom:framework-osx-AVFoundation: e770b220cccbd017edd2c1fefb359320 -> 
  custom:audio-encoder-webm-vorbis: bf7c407c2cedff20999df2af8eb42d56 -> 
  custom:container-demuxer-ogg: 62fdf1f143b41e24485cea50d1cbac27 -> 
  custom:video-decoder-webm-vp8: 9c59270c3fd7afecdb556c50c9e8de78 -> 
  custom:audio-decoder-ogg-vorbis: bf7c407c2cedff20999df2af8eb42d56 -> 
========================================================================
Received Import Request.
  Time since last request: 126412.135811 seconds.
  path: Assets/Assets/M Studio/Art/Items/Icons/_Heathen Engineering/Assets/UX/Icons/Flat Icons [Free]/Free Flat Hat Split Blank Icon.png
  artifactKey: Guid(91e3f51b2db613346a2e4c0f13d4dc7d) Importer(815301076,1909f56bfc062723c751e8b465ee728b)
Start importing Assets/Assets/M Studio/Art/Items/Icons/_Heathen Engineering/Assets/UX/Icons/Flat Icons [Free]/Free Flat Hat Split Blank Icon.png using Guid(91e3f51b2db613346a2e4c0f13d4dc7d) Importer(815301076,1909f56bfc062723c751e8b465ee728b)  -> (artifact id: '6edf229d1a9dd5505940a585aa1b3892') in 0.262478 seconds 
========================================================================
Received Import Request.
  Time since last request: 0.249130 seconds.
  path: Assets/Assets/M Studio/Art/Items/Icons/_Heathen Engineering/Assets/UX/Icons/Flat Icons [Free]/Free Flat Hat Solid E Icon.png
  artifactKey: Guid(6e5eee0c05fcf7b439b27ea85bcb070e) Importer(815301076,1909f56bfc062723c751e8b465ee728b)
Start importing Assets/Assets/M Studio/Art/Items/Icons/_Heathen Engineering/Assets/UX/Icons/Flat Icons [Free]/Free Flat Hat Solid E Icon.png using Guid(6e5eee0c05fcf7b439b27ea85bcb070e) Importer(815301076,1909f56bfc062723c751e8b465ee728b)  -> (artifact id: '3db0c68b5a65644138324ee3f23b963c') in 0.017669 seconds 
========================================================================
Received Import Request.
  Time since last request: 0.000078 seconds.
  path: Assets/Assets/M Studio/Art/Items/Icons/_Heathen Engineering/Assets/UX/Icons/Flat Icons [Free]/Free Flat Hat Solid NESW Icon.png
  artifactKey: Guid(ad28ff0024282714d98193f0b11e99c8) Importer(815301076,1909f56bfc062723c751e8b465ee728b)
Start importing Assets/Assets/M Studio/Art/Items/Icons/_Heathen Engineering/Assets/UX/Icons/Flat Icons [Free]/Free Flat Hat Solid NESW Icon.png using Guid(ad28ff0024282714d98193f0b11e99c8) Importer(815301076,1909f56bfc062723c751e8b465ee728b)  -> (artifact id: '45dded773791aa3f944d40c9bb777bca') in 0.020012 seconds 
========================================================================
Received Import Request.
  Time since last request: 0.000058 seconds.
  path: Assets/Assets/M Studio/Art/Items/Icons/_Heathen Engineering/Assets/UX/Icons/Flat Icons [Free]/Free Flat Hat Solid ENW Icon.png
  artifactKey: Guid(4ad0bc8bc8bb92648a4dd9f7c65814d0) Importer(815301076,1909f56bfc062723c751e8b465ee728b)
Start importing Assets/Assets/M Studio/Art/Items/Icons/_Heathen Engineering/Assets/UX/Icons/Flat Icons [Free]/Free Flat Hat Solid ENW Icon.png using Guid(4ad0bc8bc8bb92648a4dd9f7c65814d0) Importer(815301076,1909f56bfc062723c751e8b465ee728b)  -> (artifact id: '4ad7482a447ec850448611141ec62912') in 0.015808 seconds 
========================================================================
Received Import Request.
  Time since last request: 0.052981 seconds.
  path: Assets/Assets/M Studio/Art/Items/Icons/_Heathen Engineering/Assets/UX/Icons/Flat Icons [Free]/Free Flat Gradient Circle (Right) Icon.png
  artifactKey: Guid(672d6696a008164478c0ffb9ceee46bc) Importer(815301076,1909f56bfc062723c751e8b465ee728b)
Start importing Assets/Assets/M Studio/Art/Items/Icons/_Heathen Engineering/Assets/UX/Icons/Flat Icons [Free]/Free Flat Gradient Circle (Right) Icon.png using Guid(672d6696a008164478c0ffb9ceee46bc) Importer(815301076,1909f56bfc062723c751e8b465ee728b)  -> (artifact id: '61981d99663d2f2f58f7cf93233c76c5') in 0.019656 seconds 
========================================================================
Received Import Request.
  Time since last request: 0.000075 seconds.
  path: Assets/Assets/M Studio/Art/Items/Icons/_Heathen Engineering/Assets/UX/Icons/Flat Icons [Free]/Free Flat Gradient Circle Icon.png
  artifactKey: Guid(e4bf43d6d1e92494f952cf4372e91e8f) Importer(815301076,1909f56bfc062723c751e8b465ee728b)
Start importing Assets/Assets/M Studio/Art/Items/Icons/_Heathen Engineering/Assets/UX/Icons/Flat Icons [Free]/Free Flat Gradient Circle Icon.png using Guid(e4bf43d6d1e92494f952cf4372e91e8f) Importer(815301076,1909f56bfc062723c751e8b465ee728b)  -> (artifact id: '909295e76d0585960cea47ca03184c00') in 0.020839 seconds 
========================================================================
Received Import Request.
  Time since last request: 0.000064 seconds.
  path: Assets/Assets/M Studio/Art/Items/Icons/_Heathen Engineering/Assets/UX/Icons/Flat Icons [Free]/Free Flat Gradient Horizontal (Right) Icon.png
  artifactKey: Guid(153fa9138019fcc44a09720d23956c6d) Importer(815301076,1909f56bfc062723c751e8b465ee728b)
Start importing Assets/Assets/M Studio/Art/Items/Icons/_Heathen Engineering/Assets/UX/Icons/Flat Icons [Free]/Free Flat Gradient Horizontal (Right) Icon.png using Guid(153fa9138019fcc44a09720d23956c6d) Importer(815301076,1909f56bfc062723c751e8b465ee728b)  -> (artifact id: 'cd11cbcb2d516614aecb9e61fab54384') in 0.011508 seconds 
========================================================================
Received Import Request.
  Time since last request: 0.411349 seconds.
  path: Assets/Assets/M Studio/Art/Items/Icons/_Heathen Engineering/Assets/UX/Icons/Flat Icons [Free]/Free Flat Gear 2 Icon.png
  artifactKey: Guid(064df71df088bcf4aa33e70a7ebdd421) Importer(815301076,1909f56bfc062723c751e8b465ee728b)
Start importing Assets/Assets/M Studio/Art/Items/Icons/_Heathen Engineering/Assets/UX/Icons/Flat Icons [Free]/Free Flat Gear 2 Icon.png using Guid(064df71df088bcf4aa33e70a7ebdd421) Importer(815301076,1909f56bfc062723c751e8b465ee728b)  -> (artifact id: 'a34aa22894bb597646d25d2086e1f3f6') in 0.017549 seconds 
========================================================================
Received Import Request.
  Time since last request: 0.034150 seconds.
  path: Assets/Assets/M Studio/Art/Items/Icons/_Heathen Engineering/Assets/UX/Icons/Flat Icons [Free]/Free Flat Disk 5 Icon.png
  artifactKey: Guid(abccf8751e994124bb259458fbbf08c3) Importer(815301076,1909f56bfc062723c751e8b465ee728b)
Start importing Assets/Assets/M Studio/Art/Items/Icons/_Heathen Engineering/Assets/UX/Icons/Flat Icons [Free]/Free Flat Disk 5 Icon.png using Guid(abccf8751e994124bb259458fbbf08c3) Importer(815301076,1909f56bfc062723c751e8b465ee728b)  -> (artifact id: '048844d5ee6e885d271c8c4e6bbdb4f9') in 0.023326 seconds 
========================================================================
Received Import Request.
  Time since last request: 0.000066 seconds.
  path: Assets/Assets/M Studio/Art/Items/Icons/_Heathen Engineering/Assets/UX/Icons/Flat Icons [Free]/Free Flat Download 1 Icon.png
  artifactKey: Guid(7edd250b04abcb14599c39485d6a4e0c) Importer(815301076,1909f56bfc062723c751e8b465ee728b)
Start importing Assets/Assets/M Studio/Art/Items/Icons/_Heathen Engineering/Assets/UX/Icons/Flat Icons [Free]/Free Flat Download 1 Icon.png using Guid(7edd250b04abcb14599c39485d6a4e0c) Importer(815301076,1909f56bfc062723c751e8b465ee728b)  -> (artifact id: '929e284a90eb6857c9dca41d9e07e507') in 0.021056 seconds 
========================================================================
Received Import Request.
  Time since last request: 0.000082 seconds.
  path: Assets/Assets/M Studio/Art/Items/Icons/_Heathen Engineering/Assets/UX/Icons/Flat Icons [Free]/Free Flat Exit Left Icon.png
  artifactKey: Guid(cf03c630256c7dc47afa1a941c9b7968) Importer(815301076,1909f56bfc062723c751e8b465ee728b)
Start importing Assets/Assets/M Studio/Art/Items/Icons/_Heathen Engineering/Assets/UX/Icons/Flat Icons [Free]/Free Flat Exit Left Icon.png using Guid(cf03c630256c7dc47afa1a941c9b7968) Importer(815301076,1909f56bfc062723c751e8b465ee728b)  -> (artifact id: 'f592ce0c235678c6d09eed6f55ad78ef') in 0.020965 seconds 
========================================================================
Received Import Request.
  Time since last request: 0.609974 seconds.
  path: Assets/Assets/M Studio/Art/Items/Icons/_Heathen Engineering/Assets/UX/Icons/Flat Icons [Free]/Free Flat Connection 4 Icon.png
  artifactKey: Guid(a4452197917f106499fe55c7b5705314) Importer(815301076,1909f56bfc062723c751e8b465ee728b)
Start importing Assets/Assets/M Studio/Art/Items/Icons/_Heathen Engineering/Assets/UX/Icons/Flat Icons [Free]/Free Flat Connection 4 Icon.png using Guid(a4452197917f106499fe55c7b5705314) Importer(815301076,1909f56bfc062723c751e8b465ee728b)  -> (artifact id: '106278ed05545f2348b24fa9edd3a17a') in 0.018871 seconds 
========================================================================
Received Import Request.
  Time since last request: 0.000138 seconds.
  path: Assets/Assets/M Studio/Art/Items/Icons/_Heathen Engineering/Assets/UX/Icons/Flat Icons [Free]/Free Flat Disk 1 Icon.png
  artifactKey: Guid(8a03f4e4f5e68804cadf129ecd68c56c) Importer(815301076,1909f56bfc062723c751e8b465ee728b)
Start importing Assets/Assets/M Studio/Art/Items/Icons/_Heathen Engineering/Assets/UX/Icons/Flat Icons [Free]/Free Flat Disk 1 Icon.png using Guid(8a03f4e4f5e68804cadf129ecd68c56c) Importer(815301076,1909f56bfc062723c751e8b465ee728b)  -> (artifact id: '4548e282d6b583a583aa5aaf4af5aa7d') in 0.019504 seconds 
========================================================================
Received Import Request.
  Time since last request: 0.146934 seconds.
  path: Assets/Assets/M Studio/Art/Items/Icons/_Heathen Engineering/Assets/UX/Icons/Flat Icons [Free]/Free Flat Cloud Icon.png
  artifactKey: Guid(dabc19380a76426458ac691061a1a10a) Importer(815301076,1909f56bfc062723c751e8b465ee728b)
Start importing Assets/Assets/M Studio/Art/Items/Icons/_Heathen Engineering/Assets/UX/Icons/Flat Icons [Free]/Free Flat Cloud Icon.png using Guid(dabc19380a76426458ac691061a1a10a) Importer(815301076,1909f56bfc062723c751e8b465ee728b)  -> (artifact id: '1b29e560cdb39279a6ee0f9b97bdc714') in 0.017855 seconds 
========================================================================
Received Import Request.
  Time since last request: 0.000079 seconds.
  path: Assets/Assets/M Studio/Art/Items/Icons/_Heathen Engineering/Assets/UX/Icons/Flat Icons [Free]/Free Flat Connection 1 Icon.png
  artifactKey: Guid(aa594d32530d2e84fbddfe4be182a215) Importer(815301076,1909f56bfc062723c751e8b465ee728b)
Start importing Assets/Assets/M Studio/Art/Items/Icons/_Heathen Engineering/Assets/UX/Icons/Flat Icons [Free]/Free Flat Connection 1 Icon.png using Guid(aa594d32530d2e84fbddfe4be182a215) Importer(815301076,1909f56bfc062723c751e8b465ee728b)  -> (artifact id: 'd25a246a186919e4f292c9c7ad2fa215') in 0.022494 seconds 
========================================================================
Received Import Request.
  Time since last request: 0.416576 seconds.
  path: Assets/Assets/M Studio/Art/Items/Icons/_Heathen Engineering/Assets/UX/Icons/Flat Icons [Free]/Free Flat Chat 3 Exclaim Icon.png
  artifactKey: Guid(078f2bfa61d319f42b811c4c87166211) Importer(815301076,1909f56bfc062723c751e8b465ee728b)
Start importing Assets/Assets/M Studio/Art/Items/Icons/_Heathen Engineering/Assets/UX/Icons/Flat Icons [Free]/Free Flat Chat 3 Exclaim Icon.png using Guid(078f2bfa61d319f42b811c4c87166211) Importer(815301076,1909f56bfc062723c751e8b465ee728b)  -> (artifact id: '838fd6b555c85dfd410161e48de71f2e') in 0.019651 seconds 
========================================================================
Received Import Request.
  Time since last request: 0.000096 seconds.
  path: Assets/Assets/M Studio/Art/Items/Icons/_Heathen Engineering/Assets/UX/Icons/Flat Icons [Free]/Free Flat Chat 3 Question Icon.png
  artifactKey: Guid(8150e29ed402938409cabad52898f538) Importer(815301076,1909f56bfc062723c751e8b465ee728b)
Start importing Assets/Assets/M Studio/Art/Items/Icons/_Heathen Engineering/Assets/UX/Icons/Flat Icons [Free]/Free Flat Chat 3 Question Icon.png using Guid(8150e29ed402938409cabad52898f538) Importer(815301076,1909f56bfc062723c751e8b465ee728b)  -> (artifact id: '2584c518cf9c5b599db24556f8258aa9') in 0.021157 seconds 
========================================================================
Received Import Request.
  Time since last request: 0.581341 seconds.
  path: Assets/Assets/M Studio/Art/Items/Icons/_Heathen Engineering/Assets/UX/Icons/Flat Icons [Free]/Free Flat Button Solid Y Icon.png
  artifactKey: Guid(f3565a7a017759148b71fa384df16242) Importer(815301076,1909f56bfc062723c751e8b465ee728b)
Start importing Assets/Assets/M Studio/Art/Items/Icons/_Heathen Engineering/Assets/UX/Icons/Flat Icons [Free]/Free Flat Button Solid Y Icon.png using Guid(f3565a7a017759148b71fa384df16242) Importer(815301076,1909f56bfc062723c751e8b465ee728b)  -> (artifact id: 'e4f0a065f26d4d1cc87444006df119b8') in 0.019389 seconds 
========================================================================
Received Import Request.
  Time since last request: 0.033913 seconds.
  path: Assets/Assets/M Studio/Art/Items/Icons/_Heathen Engineering/Assets/UX/Icons/Flat Icons [Free]/Free Flat Button Solid Left Trigger Icon.png
  artifactKey: Guid(99e3ae56e068f9d4a880289d87a4c4a2) Importer(815301076,1909f56bfc062723c751e8b465ee728b)
Start importing Assets/Assets/M Studio/Art/Items/Icons/_Heathen Engineering/Assets/UX/Icons/Flat Icons [Free]/Free Flat Button Solid Left Trigger Icon.png using Guid(99e3ae56e068f9d4a880289d87a4c4a2) Importer(815301076,1909f56bfc062723c751e8b465ee728b)  -> (artifact id: '5e7e2485465c43a87d93d5d9d018ce21') in 0.019179 seconds 
========================================================================
Received Import Request.
  Time since last request: 0.000083 seconds.
  path: Assets/Assets/M Studio/Art/Items/Icons/_Heathen Engineering/Assets/UX/Icons/Flat Icons [Free]/Free Flat Button Solid Right 2 Icon.png
  artifactKey: Guid(33cd37725f2325248af5a05d1ebac12c) Importer(815301076,1909f56bfc062723c751e8b465ee728b)
Start importing Assets/Assets/M Studio/Art/Items/Icons/_Heathen Engineering/Assets/UX/Icons/Flat Icons [Free]/Free Flat Button Solid Right 2 Icon.png using Guid(33cd37725f2325248af5a05d1ebac12c) Importer(815301076,1909f56bfc062723c751e8b465ee728b)  -> (artifact id: '11519ec69ef6cd0a0f961034feafce7a') in 0.021668 seconds 
========================================================================
Received Import Request.
  Time since last request: 0.000080 seconds.
  path: Assets/Assets/M Studio/Art/Items/Icons/_Heathen Engineering/Assets/UX/Icons/Flat Icons [Free]/Free Flat Button Solid Right Trigger Icon.png
  artifactKey: Guid(b5acca5b493797f4eb71cb59d573ffc9) Importer(815301076,1909f56bfc062723c751e8b465ee728b)
Start importing Assets/Assets/M Studio/Art/Items/Icons/_Heathen Engineering/Assets/UX/Icons/Flat Icons [Free]/Free Flat Button Solid Right Trigger Icon.png using Guid(b5acca5b493797f4eb71cb59d573ffc9) Importer(815301076,1909f56bfc062723c751e8b465ee728b)  -> (artifact id: '6c20b01852beb82b538e1cf6f3325956') in 0.022852 seconds 
========================================================================
Received Import Request.
  Time since last request: 0.000135 seconds.
  path: Assets/Assets/M Studio/Art/Items/Icons/_Heathen Engineering/Assets/UX/Icons/Flat Icons [Free]/Free Flat Button Solid Square Icon.png
  artifactKey: Guid(380a24cb7426df2488b581cba5fe7a41) Importer(815301076,1909f56bfc062723c751e8b465ee728b)
Start importing Assets/Assets/M Studio/Art/Items/Icons/_Heathen Engineering/Assets/UX/Icons/Flat Icons [Free]/Free Flat Button Solid Square Icon.png using Guid(380a24cb7426df2488b581cba5fe7a41) Importer(815301076,1909f56bfc062723c751e8b465ee728b)  -> (artifact id: 'bd8f1bb6d6afaf134e380d40b20e9ca5') in 0.015448 seconds 
========================================================================
Received Import Request.
  Time since last request: 0.521515 seconds.
  path: Assets/Assets/M Studio/Art/Items/Icons/_Heathen Engineering/Assets/UX/Icons/Flat Icons [Free]/Free Flat Button Solid Left 1 Icon.png
  artifactKey: Guid(5bc5c58f25a195e48a39ed8a641b7399) Importer(815301076,1909f56bfc062723c751e8b465ee728b)
Start importing Assets/Assets/M Studio/Art/Items/Icons/_Heathen Engineering/Assets/UX/Icons/Flat Icons [Free]/Free Flat Button Solid Left 1 Icon.png using Guid(5bc5c58f25a195e48a39ed8a641b7399) Importer(815301076,1909f56bfc062723c751e8b465ee728b)  -> (artifact id: 'a90ab3b016817f181705a178ba935a88') in 0.016164 seconds 
========================================================================
Received Import Request.
  Time since last request: 0.000092 seconds.
  path: Assets/Assets/M Studio/Art/Items/Icons/_Heathen Engineering/Assets/UX/Icons/Flat Icons [Free]/Free Flat Button Solid Left 2 Icon.png
  artifactKey: Guid(340813340169a9f4e9222a2ed4b4ca5b) Importer(815301076,1909f56bfc062723c751e8b465ee728b)
Start importing Assets/Assets/M Studio/Art/Items/Icons/_Heathen Engineering/Assets/UX/Icons/Flat Icons [Free]/Free Flat Button Solid Left 2 Icon.png using Guid(340813340169a9f4e9222a2ed4b4ca5b) Importer(815301076,1909f56bfc062723c751e8b465ee728b)  -> (artifact id: '129c6476554e6d10b163275c4dcfd62e') in 0.019915 seconds 
========================================================================
Received Import Request.
  Time since last request: 0.018089 seconds.
  path: Assets/Assets/M Studio/Art/Items/Icons/_Heathen Engineering/Assets/UX/Icons/Flat Icons [Free]/Free Flat Button Blank Right Icon.png
  artifactKey: Guid(3fa719a8f0beb164b89eacd7130bb9f3) Importer(815301076,1909f56bfc062723c751e8b465ee728b)
Start importing Assets/Assets/M Studio/Art/Items/Icons/_Heathen Engineering/Assets/UX/Icons/Flat Icons [Free]/Free Flat Button Blank Right Icon.png using Guid(3fa719a8f0beb164b89eacd7130bb9f3) Importer(815301076,1909f56bfc062723c751e8b465ee728b)  -> (artifact id: '1def802236283d5e92e3b0613e4a2d83') in 0.022911 seconds 
========================================================================
Received Import Request.
  Time since last request: 0.000053 seconds.
  path: Assets/Assets/M Studio/Art/Items/Icons/_Heathen Engineering/Assets/UX/Icons/Flat Icons [Free]/Free Flat Button Blank Y Icon.png
  artifactKey: Guid(734d62e201e3dda4ca1377df9bd9b8de) Importer(815301076,1909f56bfc062723c751e8b465ee728b)
Start importing Assets/Assets/M Studio/Art/Items/Icons/_Heathen Engineering/Assets/UX/Icons/Flat Icons [Free]/Free Flat Button Blank Y Icon.png using Guid(734d62e201e3dda4ca1377df9bd9b8de) Importer(815301076,1909f56bfc062723c751e8b465ee728b)  -> (artifact id: '2c5a6f0763b0f4a794d8a8548012a97b') in 0.022566 seconds 
========================================================================
Received Import Request.
  Time since last request: 0.000170 seconds.
  path: Assets/Assets/M Studio/Art/Items/Icons/_Heathen Engineering/Assets/UX/Icons/Flat Icons [Free]/Free Flat Button Blank Right Trigger Icon.png
  artifactKey: Guid(859fea088a5120b479928f78ad7e5703) Importer(815301076,1909f56bfc062723c751e8b465ee728b)
Start importing Assets/Assets/M Studio/Art/Items/Icons/_Heathen Engineering/Assets/UX/Icons/Flat Icons [Free]/Free Flat Button Blank Right Trigger Icon.png using Guid(859fea088a5120b479928f78ad7e5703) Importer(815301076,1909f56bfc062723c751e8b465ee728b)  -> (artifact id: '773d3142b462adb1e45894e2745e6c04') in 0.017602 seconds 
========================================================================
Received Import Request.
  Time since last request: 0.000078 seconds.
  path: Assets/Assets/M Studio/Art/Items/Icons/_Heathen Engineering/Assets/UX/Icons/Flat Icons [Free]/Free Flat Button Solid A Icon.png
  artifactKey: Guid(19b84d13b4e51a64b8aa6f9532611ef6) Importer(815301076,1909f56bfc062723c751e8b465ee728b)
Start importing Assets/Assets/M Studio/Art/Items/Icons/_Heathen Engineering/Assets/UX/Icons/Flat Icons [Free]/Free Flat Button Solid A Icon.png using Guid(19b84d13b4e51a64b8aa6f9532611ef6) Importer(815301076,1909f56bfc062723c751e8b465ee728b)  -> (artifact id: '44b241fc80bbfc1d5a20a9649333d66f') in 0.017979 seconds 
========================================================================
Received Import Request.
  Time since last request: 0.000073 seconds.
  path: Assets/Assets/M Studio/Art/Items/Icons/_Heathen Engineering/Assets/UX/Icons/Flat Icons [Free]/Free Flat Button Blank Right 1 Icon.png
  artifactKey: Guid(55040708e249eda4486ec40810a73f60) Importer(815301076,1909f56bfc062723c751e8b465ee728b)
Start importing Assets/Assets/M Studio/Art/Items/Icons/_Heathen Engineering/Assets/UX/Icons/Flat Icons [Free]/Free Flat Button Blank Right 1 Icon.png using Guid(55040708e249eda4486ec40810a73f60) Importer(815301076,1909f56bfc062723c751e8b465ee728b)  -> (artifact id: '9f70551cbab576e81e5e32e00febb67a') in 0.017070 seconds 
========================================================================
Received Import Request.
  Time since last request: 0.448515 seconds.
  path: Assets/Assets/M Studio/Art/Items/Icons/_Heathen Engineering/Assets/UX/Icons/Flat Icons [Free]/Free Flat Button Blank Left 1 Icon.png
  artifactKey: Guid(44b9de42941a2734d80bc4bb2f45f09b) Importer(815301076,1909f56bfc062723c751e8b465ee728b)
Start importing Assets/Assets/M Studio/Art/Items/Icons/_Heathen Engineering/Assets/UX/Icons/Flat Icons [Free]/Free Flat Button Blank Left 1 Icon.png using Guid(44b9de42941a2734d80bc4bb2f45f09b) Importer(815301076,1909f56bfc062723c751e8b465ee728b)  -> (artifact id: '1871153bc131e00cfb271bb0150caea1') in 0.019007 seconds 
========================================================================
Received Import Request.
  Time since last request: 0.000089 seconds.
  path: Assets/Assets/M Studio/Art/Items/Icons/_Heathen Engineering/Assets/UX/Icons/Flat Icons [Free]/Free Flat Button Blank Left 3 Icon.png
  artifactKey: Guid(4f3012bd5d70cd841b352ad5afdb9c3c) Importer(815301076,1909f56bfc062723c751e8b465ee728b)
Start importing Assets/Assets/M Studio/Art/Items/Icons/_Heathen Engineering/Assets/UX/Icons/Flat Icons [Free]/Free Flat Button Blank Left 3 Icon.png using Guid(4f3012bd5d70cd841b352ad5afdb9c3c) Importer(815301076,1909f56bfc062723c751e8b465ee728b)  -> (artifact id: 'a76fc40728784333ad0b3d4e5205ae38') in 0.019391 seconds 
========================================================================
Received Import Request.
  Time since last request: 0.023621 seconds.
  path: Assets/Assets/M Studio/Art/Items/Icons/_Heathen Engineering/Assets/UX/Icons/Flat Icons [Free]/Free Flat Border Single 8pt Icon.png
  artifactKey: Guid(2b4b49567b30dcf49839b100491f4bfc) Importer(815301076,1909f56bfc062723c751e8b465ee728b)
Start importing Assets/Assets/M Studio/Art/Items/Icons/_Heathen Engineering/Assets/UX/Icons/Flat Icons [Free]/Free Flat Border Single 8pt Icon.png using Guid(2b4b49567b30dcf49839b100491f4bfc) Importer(815301076,1909f56bfc062723c751e8b465ee728b)  -> (artifact id: 'b505223b13aabe28dc3281bc739a6075') in 0.016986 seconds 
========================================================================
Received Import Request.
  Time since last request: 0.000065 seconds.
  path: Assets/Assets/M Studio/Art/Items/Icons/_Heathen Engineering/Assets/UX/Icons/Flat Icons [Free]/Free Flat Button Blank A Icon.png
  artifactKey: Guid(9b33052baeedce34f9d3fb0bd54ee01e) Importer(815301076,1909f56bfc062723c751e8b465ee728b)
Start importing Assets/Assets/M Studio/Art/Items/Icons/_Heathen Engineering/Assets/UX/Icons/Flat Icons [Free]/Free Flat Button Blank A Icon.png using Guid(9b33052baeedce34f9d3fb0bd54ee01e) Importer(815301076,1909f56bfc062723c751e8b465ee728b)  -> (artifact id: '9d2b87185d313a7376666252d89ea511') in 0.017996 seconds 
========================================================================
Received Import Request.
  Time since last request: 0.064147 seconds.
  path: Assets/Assets/M Studio/Art/Items/Icons/_Heathen Engineering/Assets/UX/Icons/Flat Icons [Free]/Free Flat Border Single 3pt Icon.png
  artifactKey: Guid(c60e730a62e7dc2458a6b0ba7621a1ff) Importer(815301076,1909f56bfc062723c751e8b465ee728b)
Start importing Assets/Assets/M Studio/Art/Items/Icons/_Heathen Engineering/Assets/UX/Icons/Flat Icons [Free]/Free Flat Border Single 3pt Icon.png using Guid(c60e730a62e7dc2458a6b0ba7621a1ff) Importer(815301076,1909f56bfc062723c751e8b465ee728b)  -> (artifact id: '8b4de720537873233091f125b827310f') in 0.013169 seconds 
========================================================================
Received Import Request.
  Time since last request: 0.448737 seconds.
  path: Assets/Assets/M Studio/Art/Items/Icons/_Heathen Engineering/Assets/UX/Icons/Flat Icons [Free]/Free Flat Border Double 3-1pt Icon.png
  artifactKey: Guid(a7a29f624782e684fa9767fcc0f313f5) Importer(815301076,1909f56bfc062723c751e8b465ee728b)
Start importing Assets/Assets/M Studio/Art/Items/Icons/_Heathen Engineering/Assets/UX/Icons/Flat Icons [Free]/Free Flat Border Double 3-1pt Icon.png using Guid(a7a29f624782e684fa9767fcc0f313f5) Importer(815301076,1909f56bfc062723c751e8b465ee728b)  -> (artifact id: 'a2f55ec399e074d15ee77432be00ca8e') in 0.014186 seconds 
========================================================================
Received Import Request.
  Time since last request: 0.000088 seconds.
  path: Assets/Assets/M Studio/Art/Items/Icons/_Heathen Engineering/Assets/UX/Icons/Flat Icons [Free]/Free Flat Border Double 5-1pt Icon.png
  artifactKey: Guid(13810fc7317ad384fa9d1745157efbe6) Importer(815301076,1909f56bfc062723c751e8b465ee728b)
Start importing Assets/Assets/M Studio/Art/Items/Icons/_Heathen Engineering/Assets/UX/Icons/Flat Icons [Free]/Free Flat Border Double 5-1pt Icon.png using Guid(13810fc7317ad384fa9d1745157efbe6) Importer(815301076,1909f56bfc062723c751e8b465ee728b)  -> (artifact id: 'e659ddfb4754b3b6df03c8f3bbb38774') in 0.014925 seconds 
========================================================================
Received Import Request.
  Time since last request: 0.039209 seconds.
  path: Assets/Assets/M Studio/Art/Items/Icons/_Heathen Engineering/Assets/UX/Icons/Flat Icons [Free]/Free Flat Border Double 1-2pt Icon.png
  artifactKey: Guid(92a6e63d8da7f3342b5c23c8da734580) Importer(815301076,1909f56bfc062723c751e8b465ee728b)
Start importing Assets/Assets/M Studio/Art/Items/Icons/_Heathen Engineering/Assets/UX/Icons/Flat Icons [Free]/Free Flat Border Double 1-2pt Icon.png using Guid(92a6e63d8da7f3342b5c23c8da734580) Importer(815301076,1909f56bfc062723c751e8b465ee728b)  -> (artifact id: 'cf9a9fb0892c3f66aa65ed07496a1b7f') in 0.013875 seconds 
========================================================================
Received Import Request.
  Time since last request: 0.000064 seconds.
  path: Assets/Assets/M Studio/Art/Items/Icons/_Heathen Engineering/Assets/UX/Icons/Flat Icons [Free]/Free Flat Border Double 1-4pt Icon.png
  artifactKey: Guid(23cfec53737da0341b6ed0bc5b46582c) Importer(815301076,1909f56bfc062723c751e8b465ee728b)
Start importing Assets/Assets/M Studio/Art/Items/Icons/_Heathen Engineering/Assets/UX/Icons/Flat Icons [Free]/Free Flat Border Double 1-4pt Icon.png using Guid(23cfec53737da0341b6ed0bc5b46582c) Importer(815301076,1909f56bfc062723c751e8b465ee728b)  -> (artifact id: '23d62a25c96d0b6103ff01385b27b5f7') in 0.011016 seconds 
========================================================================
Received Import Request.
  Time since last request: 0.020306 seconds.
  path: Assets/Assets/M Studio/Art/Items/Icons/_Heathen Engineering/Assets/UX/Icons/Flat Icons [Free]/Free Flat Battery Smooth 5 Icon.png
  artifactKey: Guid(e3e302267a5c6d244abbe2f50dc5eb4b) Importer(815301076,1909f56bfc062723c751e8b465ee728b)
Start importing Assets/Assets/M Studio/Art/Items/Icons/_Heathen Engineering/Assets/UX/Icons/Flat Icons [Free]/Free Flat Battery Smooth 5 Icon.png using Guid(e3e302267a5c6d244abbe2f50dc5eb4b) Importer(815301076,1909f56bfc062723c751e8b465ee728b)  -> (artifact id: '402efb933713cb366b4b9f845151efa6') in 0.017855 seconds 
========================================================================
Received Import Request.
  Time since last request: 0.000080 seconds.
  path: Assets/Assets/M Studio/Art/Items/Icons/_Heathen Engineering/Assets/UX/Icons/Flat Icons [Free]/Free Flat Battery Tick 1 Icon.png
  artifactKey: Guid(2c2664dc6312ab641ac1abe6324ceca6) Importer(815301076,1909f56bfc062723c751e8b465ee728b)
Start importing Assets/Assets/M Studio/Art/Items/Icons/_Heathen Engineering/Assets/UX/Icons/Flat Icons [Free]/Free Flat Battery Tick 1 Icon.png using Guid(2c2664dc6312ab641ac1abe6324ceca6) Importer(815301076,1909f56bfc062723c751e8b465ee728b)  -> (artifact id: '6307f6f24486c58e3b14aa2dfecad856') in 0.017588 seconds 
========================================================================
Received Import Request.
  Time since last request: 0.000077 seconds.
  path: Assets/Assets/M Studio/Art/Items/Icons/_Heathen Engineering/Assets/UX/Icons/Flat Icons [Free]/Free Flat Battery Tick 5 Icon.png
  artifactKey: Guid(04bc28bea5a22c644b2f8b78da6de920) Importer(815301076,1909f56bfc062723c751e8b465ee728b)
Start importing Assets/Assets/M Studio/Art/Items/Icons/_Heathen Engineering/Assets/UX/Icons/Flat Icons [Free]/Free Flat Battery Tick 5 Icon.png using Guid(04bc28bea5a22c644b2f8b78da6de920) Importer(815301076,1909f56bfc062723c751e8b465ee728b)  -> (artifact id: 'b5cc3a820028076f70ba1dc4f30bfc6c') in 0.019753 seconds 
========================================================================
Received Import Request.
  Time since last request: 0.708764 seconds.
  path: Assets/Assets/M Studio/Art/Items/Icons/_Heathen Engineering/Assets/UX/Icons/Flat Icons [Free]/Free Flat Battery No Icon.png
  artifactKey: Guid(d52aaa3c2c8f6554ca1c329a5a1dbcd8) Importer(815301076,1909f56bfc062723c751e8b465ee728b)
Start importing Assets/Assets/M Studio/Art/Items/Icons/_Heathen Engineering/Assets/UX/Icons/Flat Icons [Free]/Free Flat Battery No Icon.png using Guid(d52aaa3c2c8f6554ca1c329a5a1dbcd8) Importer(815301076,1909f56bfc062723c751e8b465ee728b)  -> (artifact id: 'd5858254fd47bda769b700c8a31b1508') in 0.017211 seconds 
========================================================================
Received Import Request.
  Time since last request: 0.000096 seconds.
  path: Assets/Assets/M Studio/Art/Items/Icons/_Heathen Engineering/Assets/UX/Icons/Flat Icons [Free]/Free Flat Battery Smooth 1 Icon.png
  artifactKey: Guid(897fca193fcbd464caf717391a549ca4) Importer(815301076,1909f56bfc062723c751e8b465ee728b)
Start importing Assets/Assets/M Studio/Art/Items/Icons/_Heathen Engineering/Assets/UX/Icons/Flat Icons [Free]/Free Flat Battery Smooth 1 Icon.png using Guid(897fca193fcbd464caf717391a549ca4) Importer(815301076,1909f56bfc062723c751e8b465ee728b)  -> (artifact id: '28593ceba0cc2c9c3055a4688a562413') in 0.019321 seconds 
========================================================================
Received Import Request.
  Time since last request: 0.009735 seconds.
  path: Assets/Assets/M Studio/Art/Items/Icons/_Heathen Engineering/Assets/UX/Icons/Flat Icons [Free]/Free Flat Bag 2 Icon.png
  artifactKey: Guid(e40cf289098674f4a98b0bba32cf9c3c) Importer(815301076,1909f56bfc062723c751e8b465ee728b)
Start importing Assets/Assets/M Studio/Art/Items/Icons/_Heathen Engineering/Assets/UX/Icons/Flat Icons [Free]/Free Flat Bag 2 Icon.png using Guid(e40cf289098674f4a98b0bba32cf9c3c) Importer(815301076,1909f56bfc062723c751e8b465ee728b)  -> (artifact id: 'ba3b86a6301851033f5b34070f5ce8e4') in 0.026133 seconds 
========================================================================
Received Import Request.
  Time since last request: 0.000133 seconds.
  path: Assets/Assets/M Studio/Art/Items/Icons/_Heathen Engineering/Assets/UX/Icons/Flat Icons [Free]/Free Flat Banner Icon.png
  artifactKey: Guid(a23c0d0f5384d9f43b834cdea5621314) Importer(815301076,1909f56bfc062723c751e8b465ee728b)
Start importing Assets/Assets/M Studio/Art/Items/Icons/_Heathen Engineering/Assets/UX/Icons/Flat Icons [Free]/Free Flat Banner Icon.png using Guid(a23c0d0f5384d9f43b834cdea5621314) Importer(815301076,1909f56bfc062723c751e8b465ee728b)  -> (artifact id: '553631bde987a514fbcb24a7b6890653') in 0.017250 seconds 
========================================================================
Received Import Request.
  Time since last request: 0.625616 seconds.
  path: Assets/Assets/M Studio/Art/Items/Icons/_Heathen Engineering/Assets/UX/Icons/Flat Icons [Free]/Free Flat Arrow 7 S Icon.png
  artifactKey: Guid(9647c288cc4ffdf4696259c4d0838725) Importer(815301076,1909f56bfc062723c751e8b465ee728b)
Start importing Assets/Assets/M Studio/Art/Items/Icons/_Heathen Engineering/Assets/UX/Icons/Flat Icons [Free]/Free Flat Arrow 7 S Icon.png using Guid(9647c288cc4ffdf4696259c4d0838725) Importer(815301076,1909f56bfc062723c751e8b465ee728b)  -> (artifact id: '1a0a7cc22db6b01ca754adfb68da24cb') in 0.018016 seconds 
========================================================================
Received Import Request.
  Time since last request: 0.033753 seconds.
  path: Assets/Assets/M Studio/Art/Items/Icons/_Heathen Engineering/Assets/UX/Icons/Flat Icons [Free]/Free Flat Arrow 6 W Icon.png
  artifactKey: Guid(42996e417f9065f41aa52609eeedc5be) Importer(815301076,1909f56bfc062723c751e8b465ee728b)
Start importing Assets/Assets/M Studio/Art/Items/Icons/_Heathen Engineering/Assets/UX/Icons/Flat Icons [Free]/Free Flat Arrow 6 W Icon.png using Guid(42996e417f9065f41aa52609eeedc5be) Importer(815301076,1909f56bfc062723c751e8b465ee728b)  -> (artifact id: '4466e64781deb8ad8d596629503b80b7') in 0.019573 seconds 
========================================================================
Received Import Request.
  Time since last request: 0.152724 seconds.
  path: Assets/Assets/M Studio/Art/Items/Icons/_Heathen Engineering/Assets/UX/Icons/Flat Icons [Free]/Free Flat Arrow 6 NE Icon.png
  artifactKey: Guid(af2957dc9934d0f4b91b426b6275654e) Importer(815301076,1909f56bfc062723c751e8b465ee728b)
Start importing Assets/Assets/M Studio/Art/Items/Icons/_Heathen Engineering/Assets/UX/Icons/Flat Icons [Free]/Free Flat Arrow 6 NE Icon.png using Guid(af2957dc9934d0f4b91b426b6275654e) Importer(815301076,1909f56bfc062723c751e8b465ee728b)  -> (artifact id: '97f1a78964132255f2b339f5d834ce9d') in 0.018119 seconds 
========================================================================
Received Import Request.
  Time since last request: 0.000115 seconds.
  path: Assets/Assets/M Studio/Art/Items/Icons/_Heathen Engineering/Assets/UX/Icons/Flat Icons [Free]/Free Flat Arrow 6 S Icon.png
  artifactKey: Guid(6b7fcd744b6435c42a82416b73b99e5e) Importer(815301076,1909f56bfc062723c751e8b465ee728b)
Start importing Assets/Assets/M Studio/Art/Items/Icons/_Heathen Engineering/Assets/UX/Icons/Flat Icons [Free]/Free Flat Arrow 6 S Icon.png using Guid(6b7fcd744b6435c42a82416b73b99e5e) Importer(815301076,1909f56bfc062723c751e8b465ee728b)  -> (artifact id: '17e3b96dd60df5ecc2e405bf0111eca9') in 0.016676 seconds 
========================================================================
Received Import Request.
  Time since last request: 0.396369 seconds.
  path: Assets/Assets/M Studio/Art/Items/Icons/_Heathen Engineering/Assets/UX/Icons/Flat Icons [Free]/Free Flat Arrow 5 SE Icon.png
  artifactKey: Guid(346d57798d5f0444aaea807128d42e2e) Importer(815301076,1909f56bfc062723c751e8b465ee728b)
Start importing Assets/Assets/M Studio/Art/Items/Icons/_Heathen Engineering/Assets/UX/Icons/Flat Icons [Free]/Free Flat Arrow 5 SE Icon.png using Guid(346d57798d5f0444aaea807128d42e2e) Importer(815301076,1909f56bfc062723c751e8b465ee728b)  -> (artifact id: 'd811a03f447772e62d11b08b444ee1d4') in 0.019582 seconds 
========================================================================
Received Import Request.
  Time since last request: 0.000091 seconds.
  path: Assets/Assets/M Studio/Art/Items/Icons/_Heathen Engineering/Assets/UX/Icons/Flat Icons [Free]/Free Flat Arrow 5 W Icon.png
  artifactKey: Guid(323bd73710daae84dbc6117dacc5c496) Importer(815301076,1909f56bfc062723c751e8b465ee728b)
Start importing Assets/Assets/M Studio/Art/Items/Icons/_Heathen Engineering/Assets/UX/Icons/Flat Icons [Free]/Free Flat Arrow 5 W Icon.png using Guid(323bd73710daae84dbc6117dacc5c496) Importer(815301076,1909f56bfc062723c751e8b465ee728b)  -> (artifact id: 'eb1b695cb003c28e809a4947b08d81cc') in 0.019358 seconds 
========================================================================
Received Import Request.
  Time since last request: 0.028031 seconds.
  path: Assets/Assets/M Studio/Art/Items/Icons/_Heathen Engineering/Assets/UX/Icons/Flat Icons [Free]/Free Flat Arrow 5 E Icon.png
  artifactKey: Guid(00ed21c7ef7e3a44b94e06d4ac3927ae) Importer(815301076,1909f56bfc062723c751e8b465ee728b)
Start importing Assets/Assets/M Studio/Art/Items/Icons/_Heathen Engineering/Assets/UX/Icons/Flat Icons [Free]/Free Flat Arrow 5 E Icon.png using Guid(00ed21c7ef7e3a44b94e06d4ac3927ae) Importer(815301076,1909f56bfc062723c751e8b465ee728b)  -> (artifact id: '9a54571fb6cf072692423b6c63ebe49f') in 0.022945 seconds 
========================================================================
Received Import Request.
  Time since last request: 0.449117 seconds.
  path: Assets/Assets/M Studio/Art/Items/Icons/_Heathen Engineering/Assets/UX/Icons/Flat Icons [Free]/Free Flat Arrow 4 NW Icon.png
  artifactKey: Guid(2289b2efc9ebb0a40a1d9e8f21419921) Importer(815301076,1909f56bfc062723c751e8b465ee728b)
Start importing Assets/Assets/M Studio/Art/Items/Icons/_Heathen Engineering/Assets/UX/Icons/Flat Icons [Free]/Free Flat Arrow 4 NW Icon.png using Guid(2289b2efc9ebb0a40a1d9e8f21419921) Importer(815301076,1909f56bfc062723c751e8b465ee728b)  -> (artifact id: '300a8f8e57973863252f8962db6981dd') in 0.017637 seconds 
========================================================================
Received Import Request.
  Time since last request: 0.000084 seconds.
  path: Assets/Assets/M Studio/Art/Items/Icons/_Heathen Engineering/Assets/UX/Icons/Flat Icons [Free]/Free Flat Arrow 4 SE Icon.png
  artifactKey: Guid(fded679b004775649be3308f6cdd4ce1) Importer(815301076,1909f56bfc062723c751e8b465ee728b)
Start importing Assets/Assets/M Studio/Art/Items/Icons/_Heathen Engineering/Assets/UX/Icons/Flat Icons [Free]/Free Flat Arrow 4 SE Icon.png using Guid(fded679b004775649be3308f6cdd4ce1) Importer(815301076,1909f56bfc062723c751e8b465ee728b)  -> (artifact id: '324bcc2e11bc53090b0f688d2dc57e29') in 0.020955 seconds 
========================================================================
Received Import Request.
  Time since last request: 0.000056 seconds.
  path: Assets/Assets/M Studio/Art/Items/Icons/_Heathen Engineering/Assets/UX/Icons/Flat Icons [Free]/Free Flat Arrow 4 E Icon.png
  artifactKey: Guid(c3c804cbbfd6a8a4c8e930a1817c8780) Importer(815301076,1909f56bfc062723c751e8b465ee728b)
Start importing Assets/Assets/M Studio/Art/Items/Icons/_Heathen Engineering/Assets/UX/Icons/Flat Icons [Free]/Free Flat Arrow 4 E Icon.png using Guid(c3c804cbbfd6a8a4c8e930a1817c8780) Importer(815301076,1909f56bfc062723c751e8b465ee728b)  -> (artifact id: 'df96e5dce55fbcc3ffb7418394732c50') in 0.020609 seconds 
========================================================================
Received Import Request.
  Time since last request: 0.000081 seconds.
  path: Assets/Assets/M Studio/Art/Items/Icons/_Heathen Engineering/Assets/UX/Icons/Flat Icons [Free]/Free Flat Arrow 3 W Icon.png
  artifactKey: Guid(91f687269d00d8548a0c2a0e7e4736e1) Importer(815301076,1909f56bfc062723c751e8b465ee728b)
Start importing Assets/Assets/M Studio/Art/Items/Icons/_Heathen Engineering/Assets/UX/Icons/Flat Icons [Free]/Free Flat Arrow 3 W Icon.png using Guid(91f687269d00d8548a0c2a0e7e4736e1) Importer(815301076,1909f56bfc062723c751e8b465ee728b)  -> (artifact id: 'da92feec23b8180e6b6fe53b02c329b1') in 0.020123 seconds 
========================================================================
Received Import Request.
  Time since last request: 0.000073 seconds.
  path: Assets/Assets/M Studio/Art/Items/Icons/_Heathen Engineering/Assets/UX/Icons/Flat Icons [Free]/Free Flat Arrow 3 NW Icon.png
  artifactKey: Guid(0908671c4d9d28e4890451f605e68243) Importer(815301076,1909f56bfc062723c751e8b465ee728b)
Start importing Assets/Assets/M Studio/Art/Items/Icons/_Heathen Engineering/Assets/UX/Icons/Flat Icons [Free]/Free Flat Arrow 3 NW Icon.png using Guid(0908671c4d9d28e4890451f605e68243) Importer(815301076,1909f56bfc062723c751e8b465ee728b)  -> (artifact id: '5ea207d09a0dc049771c84637f75af7f') in 0.025535 seconds 
========================================================================
Received Import Request.
  Time since last request: 0.000093 seconds.
  path: Assets/Assets/M Studio/Art/Items/Icons/_Heathen Engineering/Assets/UX/Icons/Flat Icons [Free]/Free Flat Arrow 3 E Icon.png
  artifactKey: Guid(2750da8e4b41f294090c5d2a83c0992f) Importer(815301076,1909f56bfc062723c751e8b465ee728b)
Start importing Assets/Assets/M Studio/Art/Items/Icons/_Heathen Engineering/Assets/UX/Icons/Flat Icons [Free]/Free Flat Arrow 3 E Icon.png using Guid(2750da8e4b41f294090c5d2a83c0992f) Importer(815301076,1909f56bfc062723c751e8b465ee728b)  -> (artifact id: '82c8ea4242410001a40a2ebd57ff3f04') in 0.018298 seconds 
========================================================================
Received Import Request.
  Time since last request: 0.000093 seconds.
  path: Assets/Assets/M Studio/Art/Items/Icons/_Heathen Engineering/Assets/UX/Icons/Flat Icons [Free]/Free Flat Arrow 2 W Icon.png
  artifactKey: Guid(23add5d3efd8ecd49af5c748108f341b) Importer(815301076,1909f56bfc062723c751e8b465ee728b)
Start importing Assets/Assets/M Studio/Art/Items/Icons/_Heathen Engineering/Assets/UX/Icons/Flat Icons [Free]/Free Flat Arrow 2 W Icon.png using Guid(23add5d3efd8ecd49af5c748108f341b) Importer(815301076,1909f56bfc062723c751e8b465ee728b)  -> (artifact id: 'ce2ba5f2d266641c54ef114eda75bd48') in 0.015791 seconds 
========================================================================
Received Import Request.
  Time since last request: 0.251266 seconds.
  path: Assets/Assets/M Studio/Art/Items/Icons/_Heathen Engineering/Assets/UX/Icons/Flat Icons [Free]/Free Flat Arrow 1 W Icon.png
  artifactKey: Guid(f1737b486a23f634bb246de79b8d4f4b) Importer(815301076,1909f56bfc062723c751e8b465ee728b)
Start importing Assets/Assets/M Studio/Art/Items/Icons/_Heathen Engineering/Assets/UX/Icons/Flat Icons [Free]/Free Flat Arrow 1 W Icon.png using Guid(f1737b486a23f634bb246de79b8d4f4b) Importer(815301076,1909f56bfc062723c751e8b465ee728b)  -> (artifact id: '84f812e9a08a07c21f1b4a0534c0f64b') in 0.018759 seconds 
========================================================================
Received Import Request.
  Time since last request: 0.000096 seconds.
  path: Assets/Assets/M Studio/Art/Items/Icons/_Heathen Engineering/Assets/UX/Icons/Flat Icons [Free]/Free Flat Arrow 2 E Icon.png
  artifactKey: Guid(e0cd4bae4d3ba9448ae4405c2c6a2ebf) Importer(815301076,1909f56bfc062723c751e8b465ee728b)
Start importing Assets/Assets/M Studio/Art/Items/Icons/_Heathen Engineering/Assets/UX/Icons/Flat Icons [Free]/Free Flat Arrow 2 E Icon.png using Guid(e0cd4bae4d3ba9448ae4405c2c6a2ebf) Importer(815301076,1909f56bfc062723c751e8b465ee728b)  -> (artifact id: '381f4f9ecbbc73ced7796bdf793cddd5') in 0.018288 seconds 
========================================================================
Received Import Request.
  Time since last request: 0.160925 seconds.
  path: Assets/Assets/M Studio/Art/Items/Icons/_Heathen Engineering/Assets/UX/Icons/Flat Icons [Free]/Free Flat Arrow 1 NE Icon.png
  artifactKey: Guid(279a7f16bcc31014ea2d1e135f042805) Importer(815301076,1909f56bfc062723c751e8b465ee728b)
Start importing Assets/Assets/M Studio/Art/Items/Icons/_Heathen Engineering/Assets/UX/Icons/Flat Icons [Free]/Free Flat Arrow 1 NE Icon.png using Guid(279a7f16bcc31014ea2d1e135f042805) Importer(815301076,1909f56bfc062723c751e8b465ee728b)  -> (artifact id: '09a04c0d0ab6b50298cee6739efdb674') in 0.018932 seconds 
========================================================================
Received Import Request.
  Time since last request: 36.187377 seconds.
  path: Assets/Assets/M Studio/Art/Intro/Background/bg_03.png
  artifactKey: Guid(d973fb761da144f11a301b3f1e4fea64) Importer(815301076,1909f56bfc062723c751e8b465ee728b)
Start importing Assets/Assets/M Studio/Art/Intro/Background/bg_03.png using Guid(d973fb761da144f11a301b3f1e4fea64) Importer(815301076,1909f56bfc062723c751e8b465ee728b)  -> (artifact id: 'ec2387865b0940feedf2c4883df40be0') in 0.015654 seconds 
========================================================================
Received Prepare
Registering precompiled user dll's ...
Registered in 0.002253 seconds.
Begin MonoManager ReloadAssembly
Native extension for WindowsStandalone target not found
Native extension for OSXStandalone target not found
Refreshing native plugins compatible for Editor in 0.81 ms, found 3 plugins.
Preloading 0 native plugins for Editor in 0.00 ms.
Unable to allocate new scene culling mask
UnityEngine.StackTraceUtility:ExtractStackTrace () (at /Users/bokken/buildslave/unity/build/Runtime/Export/Scripting/StackTrace.cs:37)
UnityEditor.SceneManagement.EditorSceneManager:NewPreviewScene (bool)
UnityEditor.SceneManagement.EditorSceneManager:NewPreviewScene () (at /Users/bokken/buildslave/unity/build/Editor/Mono/EditorSceneManager.bindings.cs:84)
UnityEditor.PreviewScene:.ctor (string) (at /Users/bokken/buildslave/unity/build/Editor/Mono/Inspector/PreviewRenderUtility.cs:22)
UnityEditor.PreviewRenderUtility:.ctor () (at /Users/bokken/buildslave/unity/build/Editor/Mono/Inspector/PreviewRenderUtility.cs:109)
UnityEditor.Texture3DPreview:InitPreviewUtility () (at /Users/bokken/buildslave/unity/build/Editor/Mono/Inspector/Texture3DPreview.cs:209)
UnityEditor.Texture3DPreview:OnEnable () (at /Users/bokken/buildslave/unity/build/Editor/Mono/Inspector/Texture3DPreview.cs:193)

[/Users/bokken/buildslave/unity/build/Editor/Mono/EditorSceneManager.bindings.cs line 84]

Unable to allocate new scene culling mask
UnityEngine.StackTraceUtility:ExtractStackTrace () (at /Users/bokken/buildslave/unity/build/Runtime/Export/Scripting/StackTrace.cs:37)
UnityEditor.SceneManagement.EditorSceneManager:NewPreviewScene (bool)
UnityEditor.SceneManagement.EditorSceneManager:NewPreviewScene () (at /Users/bokken/buildslave/unity/build/Editor/Mono/EditorSceneManager.bindings.cs:84)
UnityEditor.PreviewScene:.ctor (string) (at /Users/bokken/buildslave/unity/build/Editor/Mono/Inspector/PreviewRenderUtility.cs:22)
UnityEditor.PreviewRenderUtility:.ctor () (at /Users/bokken/buildslave/unity/build/Editor/Mono/Inspector/PreviewRenderUtility.cs:109)
UnityEditor.Texture3DPreview:InitPreviewUtility () (at /Users/bokken/buildslave/unity/build/Editor/Mono/Inspector/Texture3DPreview.cs:209)
UnityEditor.Texture3DPreview:OnEnable () (at /Users/bokken/buildslave/unity/build/Editor/Mono/Inspector/Texture3DPreview.cs:193)

[/Users/bokken/buildslave/unity/build/Editor/Mono/EditorSceneManager.bindings.cs line 84]

Mono: successfully reloaded assembly
- Completed reload, in  1.427 seconds
Domain Reload Profiling:
	ReloadAssembly (1429ms)
		BeginReloadAssembly (223ms)
			ExecutionOrderSort (0ms)
			DisableScriptedObjects (15ms)
			BackupInstance (0ms)
			ReleaseScriptingObjects (0ms)
			CreateAndSetChildDomain (96ms)
		EndReloadAssembly (1072ms)
			LoadAssemblies (96ms)
			RebuildTransferFunctionScriptingTraits (0ms)
			SetupTypeCache (323ms)
			ReleaseScriptCaches (1ms)
			RebuildScriptCaches (69ms)
			SetupLoadedEditorAssemblies (451ms)
				LogAssemblyErrors (0ms)
				InitializePlatformSupportModulesInManaged (10ms)
				SetLoadedEditorAssemblies (1ms)
				RefreshPlugins (1ms)
				BeforeProcessingInitializeOnLoad (50ms)
				ProcessInitializeOnLoadAttributes (352ms)
				ProcessInitializeOnLoadMethodAttributes (36ms)
				AfterProcessingInitializeOnLoad (1ms)
				EditorAssembliesLoaded (0ms)
			ExecutionOrderSort2 (0ms)
			AwakeInstancesAfterBackupRestoration (31ms)
Platform modules already initialized, skipping
Refreshing native plugins compatible for Editor in 0.91 ms, found 3 plugins.
Preloading 0 native plugins for Editor in 0.00 ms.
Unloading 2622 Unused Serialized files (Serialized files now loaded: 0)
Unloading 23 unused Assets / (92.5 KB). Loaded Objects now: 4032.
Memory consumption went from 268.7 MB to 268.6 MB.
Total: 4.725374 ms (FindLiveObjects: 0.358160 ms CreateObjectMapping: 0.171193 ms MarkObjects: 4.142945 ms  DeleteObjects: 0.051471 ms)

AssetImportParameters requested are different than current active one (requested -> active):
  custom:video-decoder-ogg-theora: a1e56fd34408186e4bbccfd4996cb3dc -> 
  custom:container-muxer-webm: aa71ff27fc2769a1b78a27578f13a17b -> 
  custom:container-demuxer-webm: 4f35f7cbe854078d1ac9338744f61a02 -> 
  custom:video-encoder-webm-vp8: eb34c28f22e8b96e1ab97ce403110664 -> 
  custom:framework-osx-AVFoundation: e770b220cccbd017edd2c1fefb359320 -> 
  custom:audio-encoder-webm-vorbis: bf7c407c2cedff20999df2af8eb42d56 -> 
  custom:container-demuxer-ogg: 62fdf1f143b41e24485cea50d1cbac27 -> 
  custom:video-decoder-webm-vp8: 9c59270c3fd7afecdb556c50c9e8de78 -> 
  custom:audio-decoder-ogg-vorbis: bf7c407c2cedff20999df2af8eb42d56 -> 
========================================================================
Received Prepare
Registering precompiled user dll's ...
Registered in 0.002419 seconds.
Begin MonoManager ReloadAssembly
Native extension for WindowsStandalone target not found
Native extension for OSXStandalone target not found
Refreshing native plugins compatible for Editor in 0.84 ms, found 3 plugins.
Preloading 0 native plugins for Editor in 0.00 ms.
Unable to allocate new scene culling mask
UnityEngine.StackTraceUtility:ExtractStackTrace () (at /Users/bokken/buildslave/unity/build/Runtime/Export/Scripting/StackTrace.cs:37)
UnityEditor.SceneManagement.EditorSceneManager:NewPreviewScene (bool)
UnityEditor.SceneManagement.EditorSceneManager:NewPreviewScene () (at /Users/bokken/buildslave/unity/build/Editor/Mono/EditorSceneManager.bindings.cs:84)
UnityEditor.PreviewScene:.ctor (string) (at /Users/bokken/buildslave/unity/build/Editor/Mono/Inspector/PreviewRenderUtility.cs:22)
UnityEditor.PreviewRenderUtility:.ctor () (at /Users/bokken/buildslave/unity/build/Editor/Mono/Inspector/PreviewRenderUtility.cs:109)
UnityEditor.Texture3DPreview:InitPreviewUtility () (at /Users/bokken/buildslave/unity/build/Editor/Mono/Inspector/Texture3DPreview.cs:209)
UnityEditor.Texture3DPreview:OnEnable () (at /Users/bokken/buildslave/unity/build/Editor/Mono/Inspector/Texture3DPreview.cs:193)

[/Users/bokken/buildslave/unity/build/Editor/Mono/EditorSceneManager.bindings.cs line 84]

Unable to allocate new scene culling mask
UnityEngine.StackTraceUtility:ExtractStackTrace () (at /Users/bokken/buildslave/unity/build/Runtime/Export/Scripting/StackTrace.cs:37)
UnityEditor.SceneManagement.EditorSceneManager:NewPreviewScene (bool)
UnityEditor.SceneManagement.EditorSceneManager:NewPreviewScene () (at /Users/bokken/buildslave/unity/build/Editor/Mono/EditorSceneManager.bindings.cs:84)
UnityEditor.PreviewScene:.ctor (string) (at /Users/bokken/buildslave/unity/build/Editor/Mono/Inspector/PreviewRenderUtility.cs:22)
UnityEditor.PreviewRenderUtility:.ctor () (at /Users/bokken/buildslave/unity/build/Editor/Mono/Inspector/PreviewRenderUtility.cs:109)
UnityEditor.Texture3DPreview:InitPreviewUtility () (at /Users/bokken/buildslave/unity/build/Editor/Mono/Inspector/Texture3DPreview.cs:209)
UnityEditor.Texture3DPreview:OnEnable () (at /Users/bokken/buildslave/unity/build/Editor/Mono/Inspector/Texture3DPreview.cs:193)

[/Users/bokken/buildslave/unity/build/Editor/Mono/EditorSceneManager.bindings.cs line 84]

Mono: successfully reloaded assembly
- Completed reload, in  1.253 seconds
Domain Reload Profiling:
	ReloadAssembly (1253ms)
		BeginReloadAssembly (144ms)
			ExecutionOrderSort (0ms)
			DisableScriptedObjects (14ms)
			BackupInstance (0ms)
			ReleaseScriptingObjects (0ms)
			CreateAndSetChildDomain (51ms)
		EndReloadAssembly (995ms)
			LoadAssemblies (70ms)
			RebuildTransferFunctionScriptingTraits (0ms)
			SetupTypeCache (249ms)
			ReleaseScriptCaches (1ms)
			RebuildScriptCaches (68ms)
			SetupLoadedEditorAssemblies (520ms)
				LogAssemblyErrors (0ms)
				InitializePlatformSupportModulesInManaged (11ms)
				SetLoadedEditorAssemblies (1ms)
				RefreshPlugins (1ms)
				BeforeProcessingInitializeOnLoad (56ms)
				ProcessInitializeOnLoadAttributes (413ms)
				ProcessInitializeOnLoadMethodAttributes (38ms)
				AfterProcessingInitializeOnLoad (1ms)
				EditorAssembliesLoaded (0ms)
			ExecutionOrderSort2 (0ms)
			AwakeInstancesAfterBackupRestoration (25ms)
Platform modules already initialized, skipping
Refreshing native plugins compatible for Editor in 0.90 ms, found 3 plugins.
Preloading 0 native plugins for Editor in 0.00 ms.
Unloading 2558 Unused Serialized files (Serialized files now loaded: 0)
Unloading 23 unused Assets / (93.0 KB). Loaded Objects now: 4047.
Memory consumption went from 266.4 MB to 266.3 MB.
Total: 4.994615 ms (FindLiveObjects: 0.383113 ms CreateObjectMapping: 0.222517 ms MarkObjects: 4.330765 ms  DeleteObjects: 0.057088 ms)

AssetImportParameters requested are different than current active one (requested -> active):
  custom:video-decoder-ogg-theora: a1e56fd34408186e4bbccfd4996cb3dc -> 
  custom:container-muxer-webm: aa71ff27fc2769a1b78a27578f13a17b -> 
  custom:container-demuxer-webm: 4f35f7cbe854078d1ac9338744f61a02 -> 
  custom:video-encoder-webm-vp8: eb34c28f22e8b96e1ab97ce403110664 -> 
  custom:framework-osx-AVFoundation: e770b220cccbd017edd2c1fefb359320 -> 
  custom:audio-encoder-webm-vorbis: bf7c407c2cedff20999df2af8eb42d56 -> 
  custom:container-demuxer-ogg: 62fdf1f143b41e24485cea50d1cbac27 -> 
  custom:video-decoder-webm-vp8: 9c59270c3fd7afecdb556c50c9e8de78 -> 
  custom:audio-decoder-ogg-vorbis: bf7c407c2cedff20999df2af8eb42d56 -> 
========================================================================
Received Prepare
Registering precompiled user dll's ...
Registered in 0.002366 seconds.
Begin MonoManager ReloadAssembly
Native extension for WindowsStandalone target not found
Native extension for OSXStandalone target not found
Refreshing native plugins compatible for Editor in 1.01 ms, found 3 plugins.
Preloading 0 native plugins for Editor in 0.00 ms.
Unable to allocate new scene culling mask
UnityEngine.StackTraceUtility:ExtractStackTrace () (at /Users/bokken/buildslave/unity/build/Runtime/Export/Scripting/StackTrace.cs:37)
UnityEditor.SceneManagement.EditorSceneManager:NewPreviewScene (bool)
UnityEditor.SceneManagement.EditorSceneManager:NewPreviewScene () (at /Users/bokken/buildslave/unity/build/Editor/Mono/EditorSceneManager.bindings.cs:84)
UnityEditor.PreviewScene:.ctor (string) (at /Users/bokken/buildslave/unity/build/Editor/Mono/Inspector/PreviewRenderUtility.cs:22)
UnityEditor.PreviewRenderUtility:.ctor () (at /Users/bokken/buildslave/unity/build/Editor/Mono/Inspector/PreviewRenderUtility.cs:109)
UnityEditor.Texture3DPreview:InitPreviewUtility () (at /Users/bokken/buildslave/unity/build/Editor/Mono/Inspector/Texture3DPreview.cs:209)
UnityEditor.Texture3DPreview:OnEnable () (at /Users/bokken/buildslave/unity/build/Editor/Mono/Inspector/Texture3DPreview.cs:193)

[/Users/bokken/buildslave/unity/build/Editor/Mono/EditorSceneManager.bindings.cs line 84]

Unable to allocate new scene culling mask
UnityEngine.StackTraceUtility:ExtractStackTrace () (at /Users/bokken/buildslave/unity/build/Runtime/Export/Scripting/StackTrace.cs:37)
UnityEditor.SceneManagement.EditorSceneManager:NewPreviewScene (bool)
UnityEditor.SceneManagement.EditorSceneManager:NewPreviewScene () (at /Users/bokken/buildslave/unity/build/Editor/Mono/EditorSceneManager.bindings.cs:84)
UnityEditor.PreviewScene:.ctor (string) (at /Users/bokken/buildslave/unity/build/Editor/Mono/Inspector/PreviewRenderUtility.cs:22)
UnityEditor.PreviewRenderUtility:.ctor () (at /Users/bokken/buildslave/unity/build/Editor/Mono/Inspector/PreviewRenderUtility.cs:109)
UnityEditor.Texture3DPreview:InitPreviewUtility () (at /Users/bokken/buildslave/unity/build/Editor/Mono/Inspector/Texture3DPreview.cs:209)
UnityEditor.Texture3DPreview:OnEnable () (at /Users/bokken/buildslave/unity/build/Editor/Mono/Inspector/Texture3DPreview.cs:193)

[/Users/bokken/buildslave/unity/build/Editor/Mono/EditorSceneManager.bindings.cs line 84]

Mono: successfully reloaded assembly
- Completed reload, in  1.308 seconds
Domain Reload Profiling:
	ReloadAssembly (1309ms)
		BeginReloadAssembly (144ms)
			ExecutionOrderSort (0ms)
			DisableScriptedObjects (13ms)
			BackupInstance (0ms)
			ReleaseScriptingObjects (0ms)
			CreateAndSetChildDomain (45ms)
		EndReloadAssembly (1053ms)
			LoadAssemblies (76ms)
			RebuildTransferFunctionScriptingTraits (0ms)
			SetupTypeCache (250ms)
			ReleaseScriptCaches (1ms)
			RebuildScriptCaches (74ms)
			SetupLoadedEditorAssemblies (565ms)
				LogAssemblyErrors (0ms)
				InitializePlatformSupportModulesInManaged (11ms)
				SetLoadedEditorAssemblies (1ms)
				RefreshPlugins (1ms)
				BeforeProcessingInitializeOnLoad (63ms)
				ProcessInitializeOnLoadAttributes (437ms)
				ProcessInitializeOnLoadMethodAttributes (51ms)
				AfterProcessingInitializeOnLoad (1ms)
				EditorAssembliesLoaded (0ms)
			ExecutionOrderSort2 (0ms)
			AwakeInstancesAfterBackupRestoration (28ms)
Platform modules already initialized, skipping
Refreshing native plugins compatible for Editor in 0.98 ms, found 3 plugins.
Preloading 0 native plugins for Editor in 0.00 ms.
Unloading 2558 Unused Serialized files (Serialized files now loaded: 0)
Unloading 23 unused Assets / (93.0 KB). Loaded Objects now: 4062.
Memory consumption went from 266.7 MB to 266.6 MB.
Total: 5.611922 ms (FindLiveObjects: 0.454395 ms CreateObjectMapping: 0.357797 ms MarkObjects: 4.758131 ms  DeleteObjects: 0.039452 ms)

AssetImportParameters requested are different than current active one (requested -> active):
  custom:video-decoder-ogg-theora: a1e56fd34408186e4bbccfd4996cb3dc -> 
  custom:container-muxer-webm: aa71ff27fc2769a1b78a27578f13a17b -> 
  custom:container-demuxer-webm: 4f35f7cbe854078d1ac9338744f61a02 -> 
  custom:video-encoder-webm-vp8: eb34c28f22e8b96e1ab97ce403110664 -> 
  custom:framework-osx-AVFoundation: e770b220cccbd017edd2c1fefb359320 -> 
  custom:audio-encoder-webm-vorbis: bf7c407c2cedff20999df2af8eb42d56 -> 
  custom:container-demuxer-ogg: 62fdf1f143b41e24485cea50d1cbac27 -> 
  custom:video-decoder-webm-vp8: 9c59270c3fd7afecdb556c50c9e8de78 -> 
  custom:audio-decoder-ogg-vorbis: bf7c407c2cedff20999df2af8eb42d56 -> 
========================================================================
Received Prepare
Registering precompiled user dll's ...
Registered in 0.002140 seconds.
Begin MonoManager ReloadAssembly
Native extension for WindowsStandalone target not found
Native extension for OSXStandalone target not found
Refreshing native plugins compatible for Editor in 0.76 ms, found 3 plugins.
Preloading 0 native plugins for Editor in 0.00 ms.
Unable to allocate new scene culling mask
UnityEngine.StackTraceUtility:ExtractStackTrace () (at /Users/bokken/buildslave/unity/build/Runtime/Export/Scripting/StackTrace.cs:37)
UnityEditor.SceneManagement.EditorSceneManager:NewPreviewScene (bool)
UnityEditor.SceneManagement.EditorSceneManager:NewPreviewScene () (at /Users/bokken/buildslave/unity/build/Editor/Mono/EditorSceneManager.bindings.cs:84)
UnityEditor.PreviewScene:.ctor (string) (at /Users/bokken/buildslave/unity/build/Editor/Mono/Inspector/PreviewRenderUtility.cs:22)
UnityEditor.PreviewRenderUtility:.ctor () (at /Users/bokken/buildslave/unity/build/Editor/Mono/Inspector/PreviewRenderUtility.cs:109)
UnityEditor.Texture3DPreview:InitPreviewUtility () (at /Users/bokken/buildslave/unity/build/Editor/Mono/Inspector/Texture3DPreview.cs:209)
UnityEditor.Texture3DPreview:OnEnable () (at /Users/bokken/buildslave/unity/build/Editor/Mono/Inspector/Texture3DPreview.cs:193)

[/Users/bokken/buildslave/unity/build/Editor/Mono/EditorSceneManager.bindings.cs line 84]

Unable to allocate new scene culling mask
UnityEngine.StackTraceUtility:ExtractStackTrace () (at /Users/bokken/buildslave/unity/build/Runtime/Export/Scripting/StackTrace.cs:37)
UnityEditor.SceneManagement.EditorSceneManager:NewPreviewScene (bool)
UnityEditor.SceneManagement.EditorSceneManager:NewPreviewScene () (at /Users/bokken/buildslave/unity/build/Editor/Mono/EditorSceneManager.bindings.cs:84)
UnityEditor.PreviewScene:.ctor (string) (at /Users/bokken/buildslave/unity/build/Editor/Mono/Inspector/PreviewRenderUtility.cs:22)
UnityEditor.PreviewRenderUtility:.ctor () (at /Users/bokken/buildslave/unity/build/Editor/Mono/Inspector/PreviewRenderUtility.cs:109)
UnityEditor.Texture3DPreview:InitPreviewUtility () (at /Users/bokken/buildslave/unity/build/Editor/Mono/Inspector/Texture3DPreview.cs:209)
UnityEditor.Texture3DPreview:OnEnable () (at /Users/bokken/buildslave/unity/build/Editor/Mono/Inspector/Texture3DPreview.cs:193)

[/Users/bokken/buildslave/unity/build/Editor/Mono/EditorSceneManager.bindings.cs line 84]

Mono: successfully reloaded assembly
- Completed reload, in  1.217 seconds
Domain Reload Profiling:
	ReloadAssembly (1218ms)
		BeginReloadAssembly (158ms)
			ExecutionOrderSort (0ms)
			DisableScriptedObjects (14ms)
			BackupInstance (0ms)
			ReleaseScriptingObjects (0ms)
			CreateAndSetChildDomain (55ms)
		EndReloadAssembly (950ms)
			LoadAssemblies (76ms)
			RebuildTransferFunctionScriptingTraits (0ms)
			SetupTypeCache (243ms)
			ReleaseScriptCaches (1ms)
			RebuildScriptCaches (69ms)
			SetupLoadedEditorAssemblies (487ms)
				LogAssemblyErrors (0ms)
				InitializePlatformSupportModulesInManaged (10ms)
				SetLoadedEditorAssemblies (1ms)
				RefreshPlugins (1ms)
				BeforeProcessingInitializeOnLoad (59ms)
				ProcessInitializeOnLoadAttributes (380ms)
				ProcessInitializeOnLoadMethodAttributes (34ms)
				AfterProcessingInitializeOnLoad (1ms)
				EditorAssembliesLoaded (0ms)
			ExecutionOrderSort2 (0ms)
			AwakeInstancesAfterBackupRestoration (20ms)
Platform modules already initialized, skipping
Refreshing native plugins compatible for Editor in 0.98 ms, found 3 plugins.
Preloading 0 native plugins for Editor in 0.00 ms.
Unloading 2558 Unused Serialized files (Serialized files now loaded: 0)
Unloading 23 unused Assets / (92.5 KB). Loaded Objects now: 4077.
Memory consumption went from 267.1 MB to 267.0 MB.
Total: 4.204752 ms (FindLiveObjects: 0.369709 ms CreateObjectMapping: 0.177526 ms MarkObjects: 3.621961 ms  DeleteObjects: 0.034454 ms)

AssetImportParameters requested are different than current active one (requested -> active):
  custom:video-decoder-ogg-theora: a1e56fd34408186e4bbccfd4996cb3dc -> 
  custom:container-muxer-webm: aa71ff27fc2769a1b78a27578f13a17b -> 
  custom:container-demuxer-webm: 4f35f7cbe854078d1ac9338744f61a02 -> 
  custom:video-encoder-webm-vp8: eb34c28f22e8b96e1ab97ce403110664 -> 
  custom:framework-osx-AVFoundation: e770b220cccbd017edd2c1fefb359320 -> 
  custom:audio-encoder-webm-vorbis: bf7c407c2cedff20999df2af8eb42d56 -> 
  custom:container-demuxer-ogg: 62fdf1f143b41e24485cea50d1cbac27 -> 
  custom:video-decoder-webm-vp8: 9c59270c3fd7afecdb556c50c9e8de78 -> 
  custom:audio-decoder-ogg-vorbis: bf7c407c2cedff20999df2af8eb42d56 -> 
========================================================================
Received Prepare
Registering precompiled user dll's ...
Registered in 0.002702 seconds.
Begin MonoManager ReloadAssembly
Native extension for WindowsStandalone target not found
Native extension for OSXStandalone target not found
Refreshing native plugins compatible for Editor in 0.82 ms, found 3 plugins.
Preloading 0 native plugins for Editor in 0.00 ms.
Unable to allocate new scene culling mask
UnityEngine.StackTraceUtility:ExtractStackTrace () (at /Users/bokken/buildslave/unity/build/Runtime/Export/Scripting/StackTrace.cs:37)
UnityEditor.SceneManagement.EditorSceneManager:NewPreviewScene (bool)
UnityEditor.SceneManagement.EditorSceneManager:NewPreviewScene () (at /Users/bokken/buildslave/unity/build/Editor/Mono/EditorSceneManager.bindings.cs:84)
UnityEditor.PreviewScene:.ctor (string) (at /Users/bokken/buildslave/unity/build/Editor/Mono/Inspector/PreviewRenderUtility.cs:22)
UnityEditor.PreviewRenderUtility:.ctor () (at /Users/bokken/buildslave/unity/build/Editor/Mono/Inspector/PreviewRenderUtility.cs:109)
UnityEditor.Texture3DPreview:InitPreviewUtility () (at /Users/bokken/buildslave/unity/build/Editor/Mono/Inspector/Texture3DPreview.cs:209)
UnityEditor.Texture3DPreview:OnEnable () (at /Users/bokken/buildslave/unity/build/Editor/Mono/Inspector/Texture3DPreview.cs:193)

[/Users/bokken/buildslave/unity/build/Editor/Mono/EditorSceneManager.bindings.cs line 84]

Unable to allocate new scene culling mask
UnityEngine.StackTraceUtility:ExtractStackTrace () (at /Users/bokken/buildslave/unity/build/Runtime/Export/Scripting/StackTrace.cs:37)
UnityEditor.SceneManagement.EditorSceneManager:NewPreviewScene (bool)
UnityEditor.SceneManagement.EditorSceneManager:NewPreviewScene () (at /Users/bokken/buildslave/unity/build/Editor/Mono/EditorSceneManager.bindings.cs:84)
UnityEditor.PreviewScene:.ctor (string) (at /Users/bokken/buildslave/unity/build/Editor/Mono/Inspector/PreviewRenderUtility.cs:22)
UnityEditor.PreviewRenderUtility:.ctor () (at /Users/bokken/buildslave/unity/build/Editor/Mono/Inspector/PreviewRenderUtility.cs:109)
UnityEditor.Texture3DPreview:InitPreviewUtility () (at /Users/bokken/buildslave/unity/build/Editor/Mono/Inspector/Texture3DPreview.cs:209)
UnityEditor.Texture3DPreview:OnEnable () (at /Users/bokken/buildslave/unity/build/Editor/Mono/Inspector/Texture3DPreview.cs:193)

[/Users/bokken/buildslave/unity/build/Editor/Mono/EditorSceneManager.bindings.cs line 84]

Mono: successfully reloaded assembly
- Completed reload, in  1.251 seconds
Domain Reload Profiling:
	ReloadAssembly (1252ms)
		BeginReloadAssembly (155ms)
			ExecutionOrderSort (0ms)
			DisableScriptedObjects (13ms)
			BackupInstance (0ms)
			ReleaseScriptingObjects (0ms)
			CreateAndSetChildDomain (52ms)
		EndReloadAssembly (985ms)
			LoadAssemblies (77ms)
			RebuildTransferFunctionScriptingTraits (0ms)
			SetupTypeCache (240ms)
			ReleaseScriptCaches (1ms)
			RebuildScriptCaches (71ms)
			SetupLoadedEditorAssemblies (510ms)
				LogAssemblyErrors (0ms)
				InitializePlatformSupportModulesInManaged (11ms)
				SetLoadedEditorAssemblies (1ms)
				RefreshPlugins (1ms)
				BeforeProcessingInitializeOnLoad (60ms)
				ProcessInitializeOnLoadAttributes (386ms)
				ProcessInitializeOnLoadMethodAttributes (50ms)
				AfterProcessingInitializeOnLoad (1ms)
				EditorAssembliesLoaded (0ms)
			ExecutionOrderSort2 (0ms)
			AwakeInstancesAfterBackupRestoration (25ms)
Platform modules already initialized, skipping
Refreshing native plugins compatible for Editor in 0.96 ms, found 3 plugins.
Preloading 0 native plugins for Editor in 0.00 ms.
Unloading 2558 Unused Serialized files (Serialized files now loaded: 0)
Unloading 23 unused Assets / (92.5 KB). Loaded Objects now: 4092.
Memory consumption went from 267.3 MB to 267.2 MB.
Total: 4.290101 ms (FindLiveObjects: 0.333227 ms CreateObjectMapping: 0.158484 ms MarkObjects: 3.764834 ms  DeleteObjects: 0.032392 ms)

AssetImportParameters requested are different than current active one (requested -> active):
  custom:video-decoder-ogg-theora: a1e56fd34408186e4bbccfd4996cb3dc -> 
  custom:container-muxer-webm: aa71ff27fc2769a1b78a27578f13a17b -> 
  custom:container-demuxer-webm: 4f35f7cbe854078d1ac9338744f61a02 -> 
  custom:video-encoder-webm-vp8: eb34c28f22e8b96e1ab97ce403110664 -> 
  custom:framework-osx-AVFoundation: e770b220cccbd017edd2c1fefb359320 -> 
  custom:audio-encoder-webm-vorbis: bf7c407c2cedff20999df2af8eb42d56 -> 
  custom:container-demuxer-ogg: 62fdf1f143b41e24485cea50d1cbac27 -> 
  custom:video-decoder-webm-vp8: 9c59270c3fd7afecdb556c50c9e8de78 -> 
  custom:audio-decoder-ogg-vorbis: bf7c407c2cedff20999df2af8eb42d56 -> 
========================================================================
Received Prepare
Registering precompiled user dll's ...
Registered in 0.002438 seconds.
Begin MonoManager ReloadAssembly
Native extension for WindowsStandalone target not found
Native extension for OSXStandalone target not found
Refreshing native plugins compatible for Editor in 0.77 ms, found 3 plugins.
Preloading 0 native plugins for Editor in 0.00 ms.
Unable to allocate new scene culling mask
UnityEngine.StackTraceUtility:ExtractStackTrace () (at /Users/bokken/buildslave/unity/build/Runtime/Export/Scripting/StackTrace.cs:37)
UnityEditor.SceneManagement.EditorSceneManager:NewPreviewScene (bool)
UnityEditor.SceneManagement.EditorSceneManager:NewPreviewScene () (at /Users/bokken/buildslave/unity/build/Editor/Mono/EditorSceneManager.bindings.cs:84)
UnityEditor.PreviewScene:.ctor (string) (at /Users/bokken/buildslave/unity/build/Editor/Mono/Inspector/PreviewRenderUtility.cs:22)
UnityEditor.PreviewRenderUtility:.ctor () (at /Users/bokken/buildslave/unity/build/Editor/Mono/Inspector/PreviewRenderUtility.cs:109)
UnityEditor.Texture3DPreview:InitPreviewUtility () (at /Users/bokken/buildslave/unity/build/Editor/Mono/Inspector/Texture3DPreview.cs:209)
UnityEditor.Texture3DPreview:OnEnable () (at /Users/bokken/buildslave/unity/build/Editor/Mono/Inspector/Texture3DPreview.cs:193)

[/Users/bokken/buildslave/unity/build/Editor/Mono/EditorSceneManager.bindings.cs line 84]

Unable to allocate new scene culling mask
UnityEngine.StackTraceUtility:ExtractStackTrace () (at /Users/bokken/buildslave/unity/build/Runtime/Export/Scripting/StackTrace.cs:37)
UnityEditor.SceneManagement.EditorSceneManager:NewPreviewScene (bool)
UnityEditor.SceneManagement.EditorSceneManager:NewPreviewScene () (at /Users/bokken/buildslave/unity/build/Editor/Mono/EditorSceneManager.bindings.cs:84)
UnityEditor.PreviewScene:.ctor (string) (at /Users/bokken/buildslave/unity/build/Editor/Mono/Inspector/PreviewRenderUtility.cs:22)
UnityEditor.PreviewRenderUtility:.ctor () (at /Users/bokken/buildslave/unity/build/Editor/Mono/Inspector/PreviewRenderUtility.cs:109)
UnityEditor.Texture3DPreview:InitPreviewUtility () (at /Users/bokken/buildslave/unity/build/Editor/Mono/Inspector/Texture3DPreview.cs:209)
UnityEditor.Texture3DPreview:OnEnable () (at /Users/bokken/buildslave/unity/build/Editor/Mono/Inspector/Texture3DPreview.cs:193)

[/Users/bokken/buildslave/unity/build/Editor/Mono/EditorSceneManager.bindings.cs line 84]

Mono: successfully reloaded assembly
- Completed reload, in  1.258 seconds
Domain Reload Profiling:
	ReloadAssembly (1259ms)
		BeginReloadAssembly (150ms)
			ExecutionOrderSort (0ms)
			DisableScriptedObjects (13ms)
			BackupInstance (0ms)
			ReleaseScriptingObjects (0ms)
			CreateAndSetChildDomain (48ms)
		EndReloadAssembly (993ms)
			LoadAssemblies (77ms)
			RebuildTransferFunctionScriptingTraits (0ms)
			SetupTypeCache (246ms)
			ReleaseScriptCaches (1ms)
			RebuildScriptCaches (74ms)
			SetupLoadedEditorAssemblies (509ms)
				LogAssemblyErrors (0ms)
				InitializePlatformSupportModulesInManaged (10ms)
				SetLoadedEditorAssemblies (1ms)
				RefreshPlugins (1ms)
				BeforeProcessingInitializeOnLoad (53ms)
				ProcessInitializeOnLoadAttributes (397ms)
				ProcessInitializeOnLoadMethodAttributes (47ms)
				AfterProcessingInitializeOnLoad (1ms)
				EditorAssembliesLoaded (0ms)
			ExecutionOrderSort2 (0ms)
			AwakeInstancesAfterBackupRestoration (26ms)
Platform modules already initialized, skipping
Refreshing native plugins compatible for Editor in 0.99 ms, found 3 plugins.
Preloading 0 native plugins for Editor in 0.00 ms.
Unloading 2558 Unused Serialized files (Serialized files now loaded: 0)
Unloading 23 unused Assets / (92.5 KB). Loaded Objects now: 4107.
Memory consumption went from 267.5 MB to 267.4 MB.
Total: 5.264912 ms (FindLiveObjects: 0.450500 ms CreateObjectMapping: 0.433906 ms MarkObjects: 4.334911 ms  DeleteObjects: 0.044100 ms)

AssetImportParameters requested are different than current active one (requested -> active):
  custom:video-decoder-ogg-theora: a1e56fd34408186e4bbccfd4996cb3dc -> 
  custom:container-muxer-webm: aa71ff27fc2769a1b78a27578f13a17b -> 
  custom:container-demuxer-webm: 4f35f7cbe854078d1ac9338744f61a02 -> 
  custom:video-encoder-webm-vp8: eb34c28f22e8b96e1ab97ce403110664 -> 
  custom:framework-osx-AVFoundation: e770b220cccbd017edd2c1fefb359320 -> 
  custom:audio-encoder-webm-vorbis: bf7c407c2cedff20999df2af8eb42d56 -> 
  custom:container-demuxer-ogg: 62fdf1f143b41e24485cea50d1cbac27 -> 
  custom:video-decoder-webm-vp8: 9c59270c3fd7afecdb556c50c9e8de78 -> 
  custom:audio-decoder-ogg-vorbis: bf7c407c2cedff20999df2af8eb42d56 -> 
========================================================================
Received Prepare
Registering precompiled user dll's ...
Registered in 0.002198 seconds.
Begin MonoManager ReloadAssembly
Native extension for WindowsStandalone target not found
Native extension for OSXStandalone target not found
Refreshing native plugins compatible for Editor in 1.55 ms, found 3 plugins.
Preloading 0 native plugins for Editor in 0.00 ms.
Unable to allocate new scene culling mask
UnityEngine.StackTraceUtility:ExtractStackTrace () (at /Users/bokken/buildslave/unity/build/Runtime/Export/Scripting/StackTrace.cs:37)
UnityEditor.SceneManagement.EditorSceneManager:NewPreviewScene (bool)
UnityEditor.SceneManagement.EditorSceneManager:NewPreviewScene () (at /Users/bokken/buildslave/unity/build/Editor/Mono/EditorSceneManager.bindings.cs:84)
UnityEditor.PreviewScene:.ctor (string) (at /Users/bokken/buildslave/unity/build/Editor/Mono/Inspector/PreviewRenderUtility.cs:22)
UnityEditor.PreviewRenderUtility:.ctor () (at /Users/bokken/buildslave/unity/build/Editor/Mono/Inspector/PreviewRenderUtility.cs:109)
UnityEditor.Texture3DPreview:InitPreviewUtility () (at /Users/bokken/buildslave/unity/build/Editor/Mono/Inspector/Texture3DPreview.cs:209)
UnityEditor.Texture3DPreview:OnEnable () (at /Users/bokken/buildslave/unity/build/Editor/Mono/Inspector/Texture3DPreview.cs:193)

[/Users/bokken/buildslave/unity/build/Editor/Mono/EditorSceneManager.bindings.cs line 84]

Unable to allocate new scene culling mask
UnityEngine.StackTraceUtility:ExtractStackTrace () (at /Users/bokken/buildslave/unity/build/Runtime/Export/Scripting/StackTrace.cs:37)
UnityEditor.SceneManagement.EditorSceneManager:NewPreviewScene (bool)
UnityEditor.SceneManagement.EditorSceneManager:NewPreviewScene () (at /Users/bokken/buildslave/unity/build/Editor/Mono/EditorSceneManager.bindings.cs:84)
UnityEditor.PreviewScene:.ctor (string) (at /Users/bokken/buildslave/unity/build/Editor/Mono/Inspector/PreviewRenderUtility.cs:22)
UnityEditor.PreviewRenderUtility:.ctor () (at /Users/bokken/buildslave/unity/build/Editor/Mono/Inspector/PreviewRenderUtility.cs:109)
UnityEditor.Texture3DPreview:InitPreviewUtility () (at /Users/bokken/buildslave/unity/build/Editor/Mono/Inspector/Texture3DPreview.cs:209)
UnityEditor.Texture3DPreview:OnEnable () (at /Users/bokken/buildslave/unity/build/Editor/Mono/Inspector/Texture3DPreview.cs:193)

[/Users/bokken/buildslave/unity/build/Editor/Mono/EditorSceneManager.bindings.cs line 84]

Mono: successfully reloaded assembly
- Completed reload, in  1.588 seconds
Domain Reload Profiling:
	ReloadAssembly (1590ms)
		BeginReloadAssembly (215ms)
			ExecutionOrderSort (0ms)
			DisableScriptedObjects (26ms)
			BackupInstance (0ms)
			ReleaseScriptingObjects (0ms)
			CreateAndSetChildDomain (82ms)
		EndReloadAssembly (1233ms)
			LoadAssemblies (99ms)
			RebuildTransferFunctionScriptingTraits (0ms)
			SetupTypeCache (289ms)
			ReleaseScriptCaches (1ms)
			RebuildScriptCaches (59ms)
			SetupLoadedEditorAssemblies (692ms)
				LogAssemblyErrors (0ms)
				InitializePlatformSupportModulesInManaged (15ms)
				SetLoadedEditorAssemblies (1ms)
				RefreshPlugins (2ms)
				BeforeProcessingInitializeOnLoad (68ms)
				ProcessInitializeOnLoadAttributes (526ms)
				ProcessInitializeOnLoadMethodAttributes (78ms)
				AfterProcessingInitializeOnLoad (2ms)
				EditorAssembliesLoaded (0ms)
			ExecutionOrderSort2 (0ms)
			AwakeInstancesAfterBackupRestoration (32ms)
Platform modules already initialized, skipping
Refreshing native plugins compatible for Editor in 0.93 ms, found 3 plugins.
Preloading 0 native plugins for Editor in 0.00 ms.
Unloading 2559 Unused Serialized files (Serialized files now loaded: 0)
Unloading 23 unused Assets / (92.5 KB). Loaded Objects now: 4123.
Memory consumption went from 268.4 MB to 268.3 MB.
Total: 6.407169 ms (FindLiveObjects: 0.382052 ms CreateObjectMapping: 0.193581 ms MarkObjects: 5.738218 ms  DeleteObjects: 0.090810 ms)

AssetImportParameters requested are different than current active one (requested -> active):
  custom:video-decoder-ogg-theora: a1e56fd34408186e4bbccfd4996cb3dc -> 
  custom:container-muxer-webm: aa71ff27fc2769a1b78a27578f13a17b -> 
  custom:container-demuxer-webm: 4f35f7cbe854078d1ac9338744f61a02 -> 
  custom:video-encoder-webm-vp8: eb34c28f22e8b96e1ab97ce403110664 -> 
  custom:framework-osx-AVFoundation: e770b220cccbd017edd2c1fefb359320 -> 
  custom:audio-encoder-webm-vorbis: bf7c407c2cedff20999df2af8eb42d56 -> 
  custom:container-demuxer-ogg: 62fdf1f143b41e24485cea50d1cbac27 -> 
  custom:video-decoder-webm-vp8: 9c59270c3fd7afecdb556c50c9e8de78 -> 
  custom:audio-decoder-ogg-vorbis: bf7c407c2cedff20999df2af8eb42d56 -> 
