Unity Editor version:    2021.2.10f1c1 (79ebcf01f00f)
Branch:                  2021.2/china_unity/release
Build type:              Release
Batch mode:              YES
macOS version:           Version 12.3 (Build 21E230)
Darwin version:          21.4.0
Architecture:            x86_64
Running under Rosetta:   NO
Available memory:        16384 MB
Using pre-set license
Pro License: NO

COMMAND LINE ARGUMENTS:
/Applications/Unity/Hub/Editor/2021.2.10f1c1/Unity.app/Contents/MacOS/Unity
-adb2
-batchMode
-noUpm
-name
AssetImportWorker1
-projectPath
/Users/amber/Icebin
-logFile
Logs/AssetImportWorker1.log
-srvPort
58834
Successfully changed project path to: /Users/amber/Icebin
/Users/amber/Icebin
[UnityMemory] Configuration Parameters - Can be set up in boot.config
    "memorysetup-bucket-allocator-granularity=16"
    "memorysetup-bucket-allocator-bucket-count=8"
    "memorysetup-bucket-allocator-block-size=33554432"
    "memorysetup-bucket-allocator-block-count=8"
    "memorysetup-main-allocator-block-size=16777216"
    "memorysetup-thread-allocator-block-size=16777216"
    "memorysetup-gfx-main-allocator-block-size=16777216"
    "memorysetup-gfx-thread-allocator-block-size=16777216"
    "memorysetup-cache-allocator-block-size=4194304"
    "memorysetup-typetree-allocator-block-size=2097152"
    "memorysetup-profiler-bucket-allocator-granularity=16"
    "memorysetup-profiler-bucket-allocator-bucket-count=8"
    "memorysetup-profiler-bucket-allocator-block-size=33554432"
    "memorysetup-profiler-bucket-allocator-block-count=8"
    "memorysetup-profiler-allocator-block-size=16777216"
    "memorysetup-profiler-editor-allocator-block-size=1048576"
    "memorysetup-temp-allocator-size-main=16777216"
    "memorysetup-job-temp-allocator-block-size=2097152"
    "memorysetup-job-temp-allocator-block-size-background=1048576"
    "memorysetup-job-temp-allocator-reduction-small-platforms=262144"
    "memorysetup-temp-allocator-size-background-worker=32768"
    "memorysetup-temp-allocator-size-job-worker=262144"
    "memorysetup-temp-allocator-size-preload-manager=33554432"
    "memorysetup-temp-allocator-size-nav-mesh-worker=65536"
    "memorysetup-temp-allocator-size-audio-worker=65536"
    "memorysetup-temp-allocator-size-cloud-worker=32768"
    "memorysetup-temp-allocator-size-gi-baking-worker=262144"
    "memorysetup-temp-allocator-size-gfx=262144"
AS: AutoStreaming module initializing.
Refreshing native plugins compatible for Editor in 79.33 ms, found 3 plugins.
Preloading 0 native plugins for Editor in 0.00 ms.
Initialize engine version: 2021.2.10f1c1 (79ebcf01f00f)
[Subsystems] Discovering subsystems at path /Applications/Unity/Hub/Editor/2021.2.10f1c1/Unity.app/Contents/Resources/UnitySubsystems
[Subsystems] Discovering subsystems at path /Users/amber/Icebin/Assets
GfxDevice: creating device client; threaded=0; jobified=0
Color LCD preferred device: Intel(R) UHD Graphics 630 (low power)
Metal devices available: 2
0: AMD Radeon Pro 5300M (high power)
1: Intel(R) UHD Graphics 630 (low power)
Using device AMD Radeon Pro 5300M (high power)
Initializing Metal device caps: AMD Radeon Pro 5300M
Initialize mono
Mono path[0] = '/Applications/Unity/Hub/Editor/2021.2.10f1c1/Unity.app/Contents/Managed'
Mono path[1] = '/Applications/Unity/Hub/Editor/2021.2.10f1c1/Unity.app/Contents/MonoBleedingEdge/lib/mono/unityjit-macos'
Mono config path = '/Applications/Unity/Hub/Editor/2021.2.10f1c1/Unity.app/Contents/MonoBleedingEdge/etc'
Using monoOptions --debugger-agent=transport=dt_socket,embedding=1,server=y,suspend=n,address=127.0.0.1:56401
Begin MonoManager ReloadAssembly
Registering precompiled unity dll's ...
Register platform support module: /Applications/Unity/Hub/Editor/2021.2.10f1c1/Unity.app/Contents/PlaybackEngines/MacStandaloneSupport/UnityEditor.OSXStandalone.Extensions.dll
Register platform support module: /Applications/Unity/Hub/Editor/2021.2.10f1c1/PlaybackEngines/WindowsStandaloneSupport/UnityEditor.WindowsStandalone.Extensions.dll
Registered in 0.000792 seconds.
Native extension for WindowsStandalone target not found
Native extension for OSXStandalone target not found
Refreshing native plugins compatible for Editor in 71.23 ms, found 3 plugins.
Preloading 0 native plugins for Editor in 0.00 ms.
Mono: successfully reloaded assembly
- Completed reload, in  0.718 seconds
Domain Reload Profiling:
	ReloadAssembly (719ms)
		BeginReloadAssembly (94ms)
			ExecutionOrderSort (0ms)
			DisableScriptedObjects (0ms)
			BackupInstance (0ms)
			ReleaseScriptingObjects (0ms)
			CreateAndSetChildDomain (1ms)
		EndReloadAssembly (534ms)
			LoadAssemblies (94ms)
			RebuildTransferFunctionScriptingTraits (0ms)
			SetupTypeCache (133ms)
			ReleaseScriptCaches (0ms)
			RebuildScriptCaches (35ms)
			SetupLoadedEditorAssemblies (311ms)
				LogAssemblyErrors (0ms)
				InitializePlatformSupportModulesInManaged (14ms)
				SetLoadedEditorAssemblies (0ms)
				RefreshPlugins (71ms)
				BeforeProcessingInitializeOnLoad (1ms)
				ProcessInitializeOnLoadAttributes (173ms)
				ProcessInitializeOnLoadMethodAttributes (51ms)
				AfterProcessingInitializeOnLoad (0ms)
				EditorAssembliesLoaded (0ms)
			ExecutionOrderSort2 (0ms)
			AwakeInstancesAfterBackupRestoration (0ms)
Platform modules already initialized, skipping
Registering precompiled user dll's ...
Registered in 0.003801 seconds.
Begin MonoManager ReloadAssembly
Native extension for WindowsStandalone target not found
Native extension for OSXStandalone target not found
Refreshing native plugins compatible for Editor in 58.02 ms, found 3 plugins.
Preloading 0 native plugins for Editor in 0.00 ms.
Mono: successfully reloaded assembly
- Completed reload, in  2.798 seconds
Domain Reload Profiling:
	ReloadAssembly (2799ms)
		BeginReloadAssembly (124ms)
			ExecutionOrderSort (0ms)
			DisableScriptedObjects (7ms)
			BackupInstance (0ms)
			ReleaseScriptingObjects (0ms)
			CreateAndSetChildDomain (27ms)
		EndReloadAssembly (2557ms)
			LoadAssemblies (121ms)
			RebuildTransferFunctionScriptingTraits (0ms)
			SetupTypeCache (249ms)
			ReleaseScriptCaches (0ms)
			RebuildScriptCaches (68ms)
			SetupLoadedEditorAssemblies (2066ms)
				LogAssemblyErrors (0ms)
				InitializePlatformSupportModulesInManaged (9ms)
				SetLoadedEditorAssemblies (0ms)
				RefreshPlugins (58ms)
				BeforeProcessingInitializeOnLoad (58ms)
				ProcessInitializeOnLoadAttributes (1894ms)
				ProcessInitializeOnLoadMethodAttributes (45ms)
				AfterProcessingInitializeOnLoad (1ms)
				EditorAssembliesLoaded (0ms)
			ExecutionOrderSort2 (0ms)
			AwakeInstancesAfterBackupRestoration (6ms)
Platform modules already initialized, skipping
========================================================================
Worker process is ready to serve import requests
Launching external process: /Applications/Unity/Hub/Editor/2021.2.10f1c1/Unity.app/Contents/Tools/UnityShaderCompiler
Launched and connected shader compiler UnityShaderCompiler after 0.07 seconds
Refreshing native plugins compatible for Editor in 0.78 ms, found 3 plugins.
Preloading 0 native plugins for Editor in 0.00 ms.
Unloading 2583 Unused Serialized files (Serialized files now loaded: 0)
Unloading 46 unused Assets / (116.6 KB). Loaded Objects now: 3052.
Memory consumption went from 229.8 MB to 229.7 MB.
Total: 3.987185 ms (FindLiveObjects: 0.239134 ms CreateObjectMapping: 0.136348 ms MarkObjects: 3.506404 ms  DeleteObjects: 0.104414 ms)

AssetImportParameters requested are different than current active one (requested -> active):
  custom:video-decoder-ogg-theora: a1e56fd34408186e4bbccfd4996cb3dc -> 
  custom:container-muxer-webm: aa71ff27fc2769a1b78a27578f13a17b -> 
  custom:container-demuxer-webm: 4f35f7cbe854078d1ac9338744f61a02 -> 
  custom:video-encoder-webm-vp8: eb34c28f22e8b96e1ab97ce403110664 -> 
  custom:framework-osx-AVFoundation: e770b220cccbd017edd2c1fefb359320 -> 
  custom:audio-encoder-webm-vorbis: bf7c407c2cedff20999df2af8eb42d56 -> 
  custom:container-demuxer-ogg: 62fdf1f143b41e24485cea50d1cbac27 -> 
  custom:video-decoder-webm-vp8: 9c59270c3fd7afecdb556c50c9e8de78 -> 
  custom:audio-decoder-ogg-vorbis: bf7c407c2cedff20999df2af8eb42d56 -> 
========================================================================
Received Import Request.
  Time since last request: 126338.176259 seconds.
  path: Assets/Assets/M Studio/Art/Trees/yellow/pink_16.png
  artifactKey: Guid(1908cb89fe1794214b195cef2d6debe9) Importer(815301076,1909f56bfc062723c751e8b465ee728b)
Start importing Assets/Assets/M Studio/Art/Trees/yellow/pink_16.png using Guid(1908cb89fe1794214b195cef2d6debe9) Importer(815301076,1909f56bfc062723c751e8b465ee728b)  -> (artifact id: 'acb81d21584e44c441f005b87e636e82') in 0.236367 seconds 
========================================================================
Received Import Request.
  Time since last request: 0.274227 seconds.
  path: Assets/Assets/M Studio/Art/Trees/pink/pink_13.png
  artifactKey: Guid(c44a4b9d4e7d34f258d93f6820642761) Importer(815301076,1909f56bfc062723c751e8b465ee728b)
Start importing Assets/Assets/M Studio/Art/Trees/pink/pink_13.png using Guid(c44a4b9d4e7d34f258d93f6820642761) Importer(815301076,1909f56bfc062723c751e8b465ee728b)  -> (artifact id: '4ba1a957b7ca1579f4b3978bd667305d') in 0.020579 seconds 
========================================================================
Received Import Request.
  Time since last request: 0.000067 seconds.
  path: Assets/Assets/M Studio/Art/Trees/pink/pink_14.png
  artifactKey: Guid(5d72e5cfb0b79450780bdf7329fdddc9) Importer(815301076,1909f56bfc062723c751e8b465ee728b)
Start importing Assets/Assets/M Studio/Art/Trees/pink/pink_14.png using Guid(5d72e5cfb0b79450780bdf7329fdddc9) Importer(815301076,1909f56bfc062723c751e8b465ee728b)  -> (artifact id: '275b239b1266cc4b5911a2f317ec370c') in 0.019339 seconds 
========================================================================
Received Import Request.
  Time since last request: 0.000125 seconds.
  path: Assets/Assets/M Studio/Art/Trees/yellow/pink_14.png
  artifactKey: Guid(c28a898e51652440487546c61c7b8e8b) Importer(815301076,1909f56bfc062723c751e8b465ee728b)
Start importing Assets/Assets/M Studio/Art/Trees/yellow/pink_14.png using Guid(c28a898e51652440487546c61c7b8e8b) Importer(815301076,1909f56bfc062723c751e8b465ee728b)  -> (artifact id: 'eae9c9ab7fc1a7e677a2a0129d716e88') in 0.016669 seconds 
========================================================================
Received Import Request.
  Time since last request: 0.000056 seconds.
  path: Assets/Assets/M Studio/Art/Trees/yellow/pink_15.png
  artifactKey: Guid(a750a030536714e1e8d30badb1820871) Importer(815301076,1909f56bfc062723c751e8b465ee728b)
Start importing Assets/Assets/M Studio/Art/Trees/yellow/pink_15.png using Guid(a750a030536714e1e8d30badb1820871) Importer(815301076,1909f56bfc062723c751e8b465ee728b)  -> (artifact id: '2f8be7f536dad024faac6a2e06b1db06') in 0.022187 seconds 
========================================================================
Received Import Request.
  Time since last request: 0.000131 seconds.
  path: Assets/Assets/M Studio/Art/Trees/yellow/pink_12.png
  artifactKey: Guid(35ffb0e1aab924ddf8e376df6cbfb9f5) Importer(815301076,1909f56bfc062723c751e8b465ee728b)
Start importing Assets/Assets/M Studio/Art/Trees/yellow/pink_12.png using Guid(35ffb0e1aab924ddf8e376df6cbfb9f5) Importer(815301076,1909f56bfc062723c751e8b465ee728b)  -> (artifact id: '563a8f52cfc8ddd1d0ffffe425b3dcf0') in 0.023839 seconds 
========================================================================
Received Import Request.
  Time since last request: 0.006229 seconds.
  path: Assets/Assets/M Studio/Art/Trees/yellow/pink_08.png
  artifactKey: Guid(f251fa33aff564599b6e0252dabe62a6) Importer(815301076,1909f56bfc062723c751e8b465ee728b)
Start importing Assets/Assets/M Studio/Art/Trees/yellow/pink_08.png using Guid(f251fa33aff564599b6e0252dabe62a6) Importer(815301076,1909f56bfc062723c751e8b465ee728b)  -> (artifact id: '1422536ff82f7ad4e5addf751d7babb7') in 0.016085 seconds 
========================================================================
Received Import Request.
  Time since last request: 0.000061 seconds.
  path: Assets/Assets/M Studio/Art/Trees/yellow/pink_09.png
  artifactKey: Guid(bc9d4845284474b38aabf640ea3da435) Importer(815301076,1909f56bfc062723c751e8b465ee728b)
Start importing Assets/Assets/M Studio/Art/Trees/yellow/pink_09.png using Guid(bc9d4845284474b38aabf640ea3da435) Importer(815301076,1909f56bfc062723c751e8b465ee728b)  -> (artifact id: '909fba6a0846054db916a4ff2ad78496') in 0.020625 seconds 
========================================================================
Received Import Request.
  Time since last request: 3.029227 seconds.
  path: Assets/Assets/M Studio/Art/Trees/pink/pink_06.png
  artifactKey: Guid(94ca9d0fec6454553b355c562a5dfe59) Importer(815301076,1909f56bfc062723c751e8b465ee728b)
Start importing Assets/Assets/M Studio/Art/Trees/pink/pink_06.png using Guid(94ca9d0fec6454553b355c562a5dfe59) Importer(815301076,1909f56bfc062723c751e8b465ee728b)  -> (artifact id: '0a978f65a0e406c9f9dd599cc48742f9') in 0.030239 seconds 
========================================================================
Received Import Request.
  Time since last request: 0.000072 seconds.
  path: Assets/Assets/M Studio/Art/Trees/pink/pink_07.png
  artifactKey: Guid(e56a5afd281ee42af9304649e3ed41ea) Importer(815301076,1909f56bfc062723c751e8b465ee728b)
Start importing Assets/Assets/M Studio/Art/Trees/pink/pink_07.png using Guid(e56a5afd281ee42af9304649e3ed41ea) Importer(815301076,1909f56bfc062723c751e8b465ee728b)  -> (artifact id: '1cfb57822867bf2dd5b2b89b6f2efa96') in 0.017205 seconds 
========================================================================
Received Import Request.
  Time since last request: 0.000069 seconds.
  path: Assets/Assets/M Studio/Art/Trees/yellow/pink_07.png
  artifactKey: Guid(84c2ec64fff95477f8e7eb2955ee8d5f) Importer(815301076,1909f56bfc062723c751e8b465ee728b)
Start importing Assets/Assets/M Studio/Art/Trees/yellow/pink_07.png using Guid(84c2ec64fff95477f8e7eb2955ee8d5f) Importer(815301076,1909f56bfc062723c751e8b465ee728b)  -> (artifact id: 'fc8dee0f4d8457b323bc179aa1048818') in 0.013751 seconds 
Editor requested this worker to shutdown with reason: Scaling down because of idle timeout
AssetImportWorker is now disconnected from the server
Process exiting
